This is pdfTeX, Version 3.14159265-2.6-1.40.19 (TeX Live 2018/W32TeX) (preloaded format=pdflatex 2019.3.1)  13 JUL 2020 16:00
entering extended mode
 restricted \write18 enabled.
 %&-line parsing enabled.
**Masterarbeit.tex
(./Masterarbeit.tex
LaTeX2e <2018-04-01> patch level 2
Babel <3.18> and hyphenation patterns for 84 language(s) loaded.
(c:/texlive/2018/texmf-dist/tex/latex/base/article.cls
Document Class: article 2014/09/29 v1.4h Standard LaTeX document class
(c:/texlive/2018/texmf-dist/tex/latex/base/size11.clo
File: size11.clo 2014/09/29 v1.4h Standard LaTeX file (size option)
)
\c@part=\count80
\c@section=\count81
\c@subsection=\count82
\c@subsubsection=\count83
\c@paragraph=\count84
\c@subparagraph=\count85
\c@figure=\count86
\c@table=\count87
\abovecaptionskip=\skip41
\belowcaptionskip=\skip42
\bibindent=\dimen102
)
(c:/texlive/2018/texmf-dist/tex/latex/graphics/graphicx.sty
Package: graphicx 2017/06/01 v1.1a Enhanced LaTeX Graphics (DPC,SPQR)

(c:/texlive/2018/texmf-dist/tex/latex/graphics/keyval.sty
Package: keyval 2014/10/28 v1.15 key=value parser (DPC)
\KV@toks@=\toks14
)
(c:/texlive/2018/texmf-dist/tex/latex/graphics/graphics.sty
Package: graphics 2017/06/25 v1.2c Standard LaTeX Graphics (DPC,SPQR)

(c:/texlive/2018/texmf-dist/tex/latex/graphics/trig.sty
Package: trig 2016/01/03 v1.10 sin cos tan (DPC)
)
(c:/texlive/2018/texmf-dist/tex/latex/graphics-cfg/graphics.cfg
File: graphics.cfg 2016/06/04 v1.11 sample graphics configuration
)
Package graphics Info: Driver file: pdftex.def on input line 99.

(c:/texlive/2018/texmf-dist/tex/latex/graphics-def/pdftex.def
File: pdftex.def 2018/01/08 v1.0l Graphics/color driver for pdftex
))
\Gin@req@height=\dimen103
\Gin@req@width=\dimen104
)
(c:/texlive/2018/texmf-dist/tex/latex/geometry/geometry.sty
Package: geometry 2018/03/24 v5.7 Page Geometry

(c:/texlive/2018/texmf-dist/tex/generic/oberdiek/ifpdf.sty
Package: ifpdf 2017/03/15 v3.2 Provides the ifpdf switch
)
(c:/texlive/2018/texmf-dist/tex/generic/oberdiek/ifvtex.sty
Package: ifvtex 2016/05/16 v1.6 Detect VTeX and its facilities (HO)
Package ifvtex Info: VTeX not detected.
)
(c:/texlive/2018/texmf-dist/tex/generic/ifxetex/ifxetex.sty
Package: ifxetex 2010/09/12 v0.6 Provides ifxetex conditional
)
\Gm@cnth=\count88
\Gm@cntv=\count89
\c@Gm@tempcnt=\count90
\Gm@bindingoffset=\dimen105
\Gm@wd@mp=\dimen106
\Gm@odd@mp=\dimen107
\Gm@even@mp=\dimen108
\Gm@layoutwidth=\dimen109
\Gm@layoutheight=\dimen110
\Gm@layouthoffset=\dimen111
\Gm@layoutvoffset=\dimen112
\Gm@dimlist=\toks15
)
(c:/texlive/2018/texmf-dist/tex/latex/subfigure/subfigure.sty
Package: subfigure 2002/03/15 v2.1.5 subfigure package
\subfigtopskip=\skip43
\subfigcapskip=\skip44
\subfigcaptopadj=\dimen113
\subfigbottomskip=\skip45
\subfigcapmargin=\dimen114
\subfiglabelskip=\skip46
\c@subfigure=\count91
\c@lofdepth=\count92
\c@subtable=\count93
\c@lotdepth=\count94

****************************************
* Local config file subfigure.cfg used *
****************************************
(c:/texlive/2018/texmf-dist/tex/latex/subfigure/subfigure.cfg)
\subfig@top=\skip47
\subfig@bottom=\skip48
)
(c:/texlive/2018/texmf-dist/tex/latex/amsmath/amsmath.sty
Package: amsmath 2017/09/02 v2.17a AMS math features
\@mathmargin=\skip49

For additional information on amsmath, use the `?' option.
(c:/texlive/2018/texmf-dist/tex/latex/amsmath/amstext.sty
Package: amstext 2000/06/29 v2.01 AMS text

(c:/texlive/2018/texmf-dist/tex/latex/amsmath/amsgen.sty
File: amsgen.sty 1999/11/30 v2.0 generic functions
\@emptytoks=\toks16
\ex@=\dimen115
))
(c:/texlive/2018/texmf-dist/tex/latex/amsmath/amsbsy.sty
Package: amsbsy 1999/11/29 v1.2d Bold Symbols
\pmbraise@=\dimen116
)
(c:/texlive/2018/texmf-dist/tex/latex/amsmath/amsopn.sty
Package: amsopn 2016/03/08 v2.02 operator names
)
\inf@bad=\count95
LaTeX Info: Redefining \frac on input line 213.
\uproot@=\count96
\leftroot@=\count97
LaTeX Info: Redefining \overline on input line 375.
\classnum@=\count98
\DOTSCASE@=\count99
LaTeX Info: Redefining \ldots on input line 472.
LaTeX Info: Redefining \dots on input line 475.
LaTeX Info: Redefining \cdots on input line 596.
\Mathstrutbox@=\box26
\strutbox@=\box27
\big@size=\dimen117
LaTeX Font Info:    Redeclaring font encoding OML on input line 712.
LaTeX Font Info:    Redeclaring font encoding OMS on input line 713.
\macc@depth=\count100
\c@MaxMatrixCols=\count101
\dotsspace@=\muskip10
\c@parentequation=\count102
\dspbrk@lvl=\count103
\tag@help=\toks17
\row@=\count104
\column@=\count105
\maxfields@=\count106
\andhelp@=\toks18
\eqnshift@=\dimen118
\alignsep@=\dimen119
\tagshift@=\dimen120
\tagwidth@=\dimen121
\totwidth@=\dimen122
\lineht@=\dimen123
\@envbody=\toks19
\multlinegap=\skip50
\multlinetaggap=\skip51
\mathdisplay@stack=\toks20
LaTeX Info: Redefining \[ on input line 2817.
LaTeX Info: Redefining \] on input line 2818.
)
(c:/texlive/2018/texmf-dist/tex/latex/amsfonts/amssymb.sty
Package: amssymb 2013/01/14 v3.01 AMS font symbols

(c:/texlive/2018/texmf-dist/tex/latex/amsfonts/amsfonts.sty
Package: amsfonts 2013/01/14 v3.01 Basic AMSFonts support
\symAMSa=\mathgroup4
\symAMSb=\mathgroup5
LaTeX Font Info:    Overwriting math alphabet `\mathfrak' in version `bold'
(Font)                  U/euf/m/n --> U/euf/b/n on input line 106.
))
(c:/texlive/2018/texmf-dist/tex/latex/base/textcomp.sty
Package: textcomp 2017/04/05 v2.0i Standard LaTeX package
Package textcomp Info: Sub-encoding information:
(textcomp)               5 = only ISO-Adobe without \textcurrency
(textcomp)               4 = 5 + \texteuro
(textcomp)               3 = 4 + \textohm
(textcomp)               2 = 3 + \textestimated + \textcurrency
(textcomp)               1 = TS1 - \textcircled - \t
(textcomp)               0 = TS1 (full)
(textcomp)             Font families with sub-encoding setting implement
(textcomp)             only a restricted character set as indicated.
(textcomp)             Family '?' is the default used for unknown fonts.
(textcomp)             See the documentation for details.
Package textcomp Info: Setting ? sub-encoding to TS1/1 on input line 79.

(c:/texlive/2018/texmf-dist/tex/latex/base/ts1enc.def
File: ts1enc.def 2001/06/05 v3.0e (jk/car/fm) Standard LaTeX file
Now handling font encoding TS1 ...
... processing UTF-8 mapping file for font encoding TS1

(c:/texlive/2018/texmf-dist/tex/latex/base/ts1enc.dfu
File: ts1enc.dfu 2018/04/05 v1.2c UTF-8 support for inputenc
   defining Unicode char U+00A2 (decimal 162)
   defining Unicode char U+00A3 (decimal 163)
   defining Unicode char U+00A4 (decimal 164)
   defining Unicode char U+00A5 (decimal 165)
   defining Unicode char U+00A6 (decimal 166)
   defining Unicode char U+00A7 (decimal 167)
   defining Unicode char U+00A8 (decimal 168)
   defining Unicode char U+00A9 (decimal 169)
   defining Unicode char U+00AA (decimal 170)
   defining Unicode char U+00AC (decimal 172)
   defining Unicode char U+00AE (decimal 174)
   defining Unicode char U+00AF (decimal 175)
   defining Unicode char U+00B0 (decimal 176)
   defining Unicode char U+00B1 (decimal 177)
   defining Unicode char U+00B2 (decimal 178)
   defining Unicode char U+00B3 (decimal 179)
   defining Unicode char U+00B4 (decimal 180)
   defining Unicode char U+00B5 (decimal 181)
   defining Unicode char U+00B6 (decimal 182)
   defining Unicode char U+00B7 (decimal 183)
   defining Unicode char U+00B9 (decimal 185)
   defining Unicode char U+00BA (decimal 186)
   defining Unicode char U+00BC (decimal 188)
   defining Unicode char U+00BD (decimal 189)
   defining Unicode char U+00BE (decimal 190)
   defining Unicode char U+00D7 (decimal 215)
   defining Unicode char U+00F7 (decimal 247)
   defining Unicode char U+0192 (decimal 402)
   defining Unicode char U+02C7 (decimal 711)
   defining Unicode char U+02D8 (decimal 728)
   defining Unicode char U+02DD (decimal 733)
   defining Unicode char U+0E3F (decimal 3647)
   defining Unicode char U+2016 (decimal 8214)
   defining Unicode char U+2020 (decimal 8224)
   defining Unicode char U+2021 (decimal 8225)
   defining Unicode char U+2022 (decimal 8226)
   defining Unicode char U+2030 (decimal 8240)
   defining Unicode char U+2031 (decimal 8241)
   defining Unicode char U+203B (decimal 8251)
   defining Unicode char U+203D (decimal 8253)
   defining Unicode char U+2044 (decimal 8260)
   defining Unicode char U+204E (decimal 8270)
   defining Unicode char U+2052 (decimal 8274)
   defining Unicode char U+20A1 (decimal 8353)
   defining Unicode char U+20A4 (decimal 8356)
   defining Unicode char U+20A6 (decimal 8358)
   defining Unicode char U+20A9 (decimal 8361)
   defining Unicode char U+20AB (decimal 8363)
   defining Unicode char U+20AC (decimal 8364)
   defining Unicode char U+20B1 (decimal 8369)
   defining Unicode char U+2103 (decimal 8451)
   defining Unicode char U+2116 (decimal 8470)
   defining Unicode char U+2117 (decimal 8471)
   defining Unicode char U+211E (decimal 8478)
   defining Unicode char U+2120 (decimal 8480)
   defining Unicode char U+2122 (decimal 8482)
   defining Unicode char U+2126 (decimal 8486)
   defining Unicode char U+2127 (decimal 8487)
   defining Unicode char U+212E (decimal 8494)
   defining Unicode char U+2190 (decimal 8592)
   defining Unicode char U+2191 (decimal 8593)
   defining Unicode char U+2192 (decimal 8594)
   defining Unicode char U+2193 (decimal 8595)
   defining Unicode char U+2329 (decimal 9001)
   defining Unicode char U+232A (decimal 9002)
   defining Unicode char U+2422 (decimal 9250)
   defining Unicode char U+25E6 (decimal 9702)
   defining Unicode char U+25EF (decimal 9711)
   defining Unicode char U+266A (decimal 9834)
   defining Unicode char U+FEFF (decimal 65279)
))
LaTeX Info: Redefining \oldstylenums on input line 334.
Package textcomp Info: Setting cmr sub-encoding to TS1/0 on input line 349.
Package textcomp Info: Setting cmss sub-encoding to TS1/0 on input line 350.
Package textcomp Info: Setting cmtt sub-encoding to TS1/0 on input line 351.
Package textcomp Info: Setting cmvtt sub-encoding to TS1/0 on input line 352.
Package textcomp Info: Setting cmbr sub-encoding to TS1/0 on input line 353.
Package textcomp Info: Setting cmtl sub-encoding to TS1/0 on input line 354.
Package textcomp Info: Setting ccr sub-encoding to TS1/0 on input line 355.
Package textcomp Info: Setting ptm sub-encoding to TS1/4 on input line 356.
Package textcomp Info: Setting pcr sub-encoding to TS1/4 on input line 357.
Package textcomp Info: Setting phv sub-encoding to TS1/4 on input line 358.
Package textcomp Info: Setting ppl sub-encoding to TS1/3 on input line 359.
Package textcomp Info: Setting pag sub-encoding to TS1/4 on input line 360.
Package textcomp Info: Setting pbk sub-encoding to TS1/4 on input line 361.
Package textcomp Info: Setting pnc sub-encoding to TS1/4 on input line 362.
Package textcomp Info: Setting pzc sub-encoding to TS1/4 on input line 363.
Package textcomp Info: Setting bch sub-encoding to TS1/4 on input line 364.
Package textcomp Info: Setting put sub-encoding to TS1/5 on input line 365.
Package textcomp Info: Setting uag sub-encoding to TS1/5 on input line 366.
Package textcomp Info: Setting ugq sub-encoding to TS1/5 on input line 367.
Package textcomp Info: Setting ul8 sub-encoding to TS1/4 on input line 368.
Package textcomp Info: Setting ul9 sub-encoding to TS1/4 on input line 369.
Package textcomp Info: Setting augie sub-encoding to TS1/5 on input line 370.
Package textcomp Info: Setting dayrom sub-encoding to TS1/3 on input line 371.
Package textcomp Info: Setting dayroms sub-encoding to TS1/3 on input line 372.

Package textcomp Info: Setting pxr sub-encoding to TS1/0 on input line 373.
Package textcomp Info: Setting pxss sub-encoding to TS1/0 on input line 374.
Package textcomp Info: Setting pxtt sub-encoding to TS1/0 on input line 375.
Package textcomp Info: Setting txr sub-encoding to TS1/0 on input line 376.
Package textcomp Info: Setting txss sub-encoding to TS1/0 on input line 377.
Package textcomp Info: Setting txtt sub-encoding to TS1/0 on input line 378.
Package textcomp Info: Setting lmr sub-encoding to TS1/0 on input line 379.
Package textcomp Info: Setting lmdh sub-encoding to TS1/0 on input line 380.
Package textcomp Info: Setting lmss sub-encoding to TS1/0 on input line 381.
Package textcomp Info: Setting lmssq sub-encoding to TS1/0 on input line 382.
Package textcomp Info: Setting lmvtt sub-encoding to TS1/0 on input line 383.
Package textcomp Info: Setting lmtt sub-encoding to TS1/0 on input line 384.
Package textcomp Info: Setting qhv sub-encoding to TS1/0 on input line 385.
Package textcomp Info: Setting qag sub-encoding to TS1/0 on input line 386.
Package textcomp Info: Setting qbk sub-encoding to TS1/0 on input line 387.
Package textcomp Info: Setting qcr sub-encoding to TS1/0 on input line 388.
Package textcomp Info: Setting qcs sub-encoding to TS1/0 on input line 389.
Package textcomp Info: Setting qpl sub-encoding to TS1/0 on input line 390.
Package textcomp Info: Setting qtm sub-encoding to TS1/0 on input line 391.
Package textcomp Info: Setting qzc sub-encoding to TS1/0 on input line 392.
Package textcomp Info: Setting qhvc sub-encoding to TS1/0 on input line 393.
Package textcomp Info: Setting futs sub-encoding to TS1/4 on input line 394.
Package textcomp Info: Setting futx sub-encoding to TS1/4 on input line 395.
Package textcomp Info: Setting futj sub-encoding to TS1/4 on input line 396.
Package textcomp Info: Setting hlh sub-encoding to TS1/3 on input line 397.
Package textcomp Info: Setting hls sub-encoding to TS1/3 on input line 398.
Package textcomp Info: Setting hlst sub-encoding to TS1/3 on input line 399.
Package textcomp Info: Setting hlct sub-encoding to TS1/5 on input line 400.
Package textcomp Info: Setting hlx sub-encoding to TS1/5 on input line 401.
Package textcomp Info: Setting hlce sub-encoding to TS1/5 on input line 402.
Package textcomp Info: Setting hlcn sub-encoding to TS1/5 on input line 403.
Package textcomp Info: Setting hlcw sub-encoding to TS1/5 on input line 404.
Package textcomp Info: Setting hlcf sub-encoding to TS1/5 on input line 405.
Package textcomp Info: Setting pplx sub-encoding to TS1/3 on input line 406.
Package textcomp Info: Setting pplj sub-encoding to TS1/3 on input line 407.
Package textcomp Info: Setting ptmx sub-encoding to TS1/4 on input line 408.
Package textcomp Info: Setting ptmj sub-encoding to TS1/4 on input line 409.
)
(c:/texlive/2018/texmf-dist/tex/latex/titling/titling.sty
Package: titling 2009/09/04 v2.1d maketitle typesetting
\thanksmarkwidth=\skip52
\thanksmargin=\skip53
\droptitle=\skip54
)
(c:/texlive/2018/texmf-dist/tex/latex/titlesec/titlesec.sty
Package: titlesec 2016/03/21 v2.10.2 Sectioning titles
\ttl@box=\box28
\beforetitleunit=\skip55
\aftertitleunit=\skip56
\ttl@plus=\dimen124
\ttl@minus=\dimen125
\ttl@toksa=\toks21
\titlewidth=\dimen126
\titlewidthlast=\dimen127
\titlewidthfirst=\dimen128
)
(c:/texlive/2018/texmf-dist/tex/latex/titlesec/titletoc.sty
Package: titletoc 2011/12/15 v1.6 TOC entries
\ttl@leftsep=\dimen129
)
(c:/texlive/2018/texmf-dist/tex/latex/listings/listings.sty
\lst@mode=\count107
\lst@gtempboxa=\box29
\lst@token=\toks22
\lst@length=\count108
\lst@currlwidth=\dimen130
\lst@column=\count109
\lst@pos=\count110
\lst@lostspace=\dimen131
\lst@width=\dimen132
\lst@newlines=\count111
\lst@lineno=\count112
\lst@maxwidth=\dimen133

(c:/texlive/2018/texmf-dist/tex/latex/listings/lstmisc.sty
File: lstmisc.sty 2015/06/04 1.6 (Carsten Heinz)
\c@lstnumber=\count113
\lst@skipnumbers=\count114
\lst@framebox=\box30
)
(c:/texlive/2018/texmf-dist/tex/latex/listings/listings.cfg
File: listings.cfg 2015/06/04 1.6 listings configuration
))
Package: listings 2015/06/04 1.6 (Carsten Heinz)

(c:/texlive/2018/texmf-dist/tex/latex/listings/lstlang1.sty
File: lstlang1.sty 2015/06/04 1.6 listings language file
)
(c:/texlive/2018/texmf-dist/tex/generic/babel/babel.sty
Package: babel 2018/02/14 3.18 The Babel package

(c:/texlive/2018/texmf-dist/tex/generic/babel/switch.def
File: switch.def 2018/02/14 3.18 Babel switching mechanism
)
(c:/texlive/2018/texmf-dist/tex/generic/babel-english/english.ldf
Language: english 2017/06/06 v3.3r English support from the babel system

(c:/texlive/2018/texmf-dist/tex/generic/babel/babel.def
File: babel.def 2018/02/14 3.18 Babel common definitions
\babel@savecnt=\count115
\U@D=\dimen134

(c:/texlive/2018/texmf-dist/tex/generic/babel/txtbabel.def)
\bbl@dirlevel=\count116
)
\l@canadian = a dialect from \language\l@american 
\l@australian = a dialect from \language\l@british 
\l@newzealand = a dialect from \language\l@british 
)
(c:/texlive/2018/texmf-dist/tex/generic/babel-german/ngerman.ldf
Language: ngerman 2018/03/29 v2.10 German support for babel (post-1996 orthogra
phy)

(c:/texlive/2018/texmf-dist/tex/generic/babel-german/ngermanb.ldf
Language: ngermanb 2018/03/29 v2.10 German support for babel (post-1996 orthogr
aphy)
Package babel Info: Making " an active character on input line 121.
)))
(c:/texlive/2018/texmf-dist/tex/latex/base/fontenc.sty
Package: fontenc 2017/04/05 v2.0i Standard LaTeX package

(c:/texlive/2018/texmf-dist/tex/latex/base/t1enc.def
File: t1enc.def 2017/04/05 v2.0i Standard LaTeX file
LaTeX Font Info:    Redeclaring font encoding T1 on input line 48.
))
(c:/texlive/2018/texmf-dist/tex/latex/base/inputenc.sty
Package: inputenc 2018/04/06 v1.3b Input encoding file
\inpenc@prehook=\toks23
\inpenc@posthook=\toks24
)
(c:/texlive/2018/texmf-dist/tex/latex/pgfplots/pgfplots.sty
(c:/texlive/2018/texmf-dist/tex/generic/pgfplots/pgfplots.revision.tex)
Package: pgfplots 2018/03/28 v1.16 Data Visualization (1.16)

(c:/texlive/2018/texmf-dist/tex/latex/pgf/frontendlayer/tikz.sty
(c:/texlive/2018/texmf-dist/tex/latex/pgf/basiclayer/pgf.sty
(c:/texlive/2018/texmf-dist/tex/latex/pgf/utilities/pgfrcs.sty
(c:/texlive/2018/texmf-dist/tex/generic/pgf/utilities/pgfutil-common.tex
\pgfutil@everybye=\toks25
\pgfutil@tempdima=\dimen135
\pgfutil@tempdimb=\dimen136

(c:/texlive/2018/texmf-dist/tex/generic/pgf/utilities/pgfutil-common-lists.tex)
) (c:/texlive/2018/texmf-dist/tex/generic/pgf/utilities/pgfutil-latex.def
\pgfutil@abb=\box31

(c:/texlive/2018/texmf-dist/tex/latex/ms/everyshi.sty
Package: everyshi 2001/05/15 v3.00 EveryShipout Package (MS)
))
(c:/texlive/2018/texmf-dist/tex/generic/pgf/utilities/pgfrcs.code.tex
Package: pgfrcs 2015/08/07 v3.0.1a (rcs-revision 1.31)
))
Package: pgf 2015/08/07 v3.0.1a (rcs-revision 1.15)

(c:/texlive/2018/texmf-dist/tex/latex/pgf/basiclayer/pgfcore.sty
(c:/texlive/2018/texmf-dist/tex/latex/pgf/systemlayer/pgfsys.sty
(c:/texlive/2018/texmf-dist/tex/generic/pgf/systemlayer/pgfsys.code.tex
Package: pgfsys 2014/07/09 v3.0.1a (rcs-revision 1.48)

(c:/texlive/2018/texmf-dist/tex/generic/pgf/utilities/pgfkeys.code.tex
\pgfkeys@pathtoks=\toks26
\pgfkeys@temptoks=\toks27

(c:/texlive/2018/texmf-dist/tex/generic/pgf/utilities/pgfkeysfiltered.code.tex
\pgfkeys@tmptoks=\toks28
))
\pgf@x=\dimen137
\pgf@y=\dimen138
\pgf@xa=\dimen139
\pgf@ya=\dimen140
\pgf@xb=\dimen141
\pgf@yb=\dimen142
\pgf@xc=\dimen143
\pgf@yc=\dimen144
\w@pgf@writea=\write3
\r@pgf@reada=\read1
\c@pgf@counta=\count117
\c@pgf@countb=\count118
\c@pgf@countc=\count119
\c@pgf@countd=\count120
\t@pgf@toka=\toks29
\t@pgf@tokb=\toks30
\t@pgf@tokc=\toks31
 (c:/texlive/2018/texmf-dist/tex/generic/pgf/systemlayer/pgf.cfg
File: pgf.cfg 2008/05/14  (rcs-revision 1.7)
)
Driver file for pgf: pgfsys-pdftex.def

(c:/texlive/2018/texmf-dist/tex/generic/pgf/systemlayer/pgfsys-pdftex.def
File: pgfsys-pdftex.def 2014/10/11  (rcs-revision 1.35)

(c:/texlive/2018/texmf-dist/tex/generic/pgf/systemlayer/pgfsys-common-pdf.def
File: pgfsys-common-pdf.def 2013/10/10  (rcs-revision 1.13)
)))
(c:/texlive/2018/texmf-dist/tex/generic/pgf/systemlayer/pgfsyssoftpath.code.tex
File: pgfsyssoftpath.code.tex 2013/09/09  (rcs-revision 1.9)
\pgfsyssoftpath@smallbuffer@items=\count121
\pgfsyssoftpath@bigbuffer@items=\count122
)
(c:/texlive/2018/texmf-dist/tex/generic/pgf/systemlayer/pgfsysprotocol.code.tex
File: pgfsysprotocol.code.tex 2006/10/16  (rcs-revision 1.4)
)) (c:/texlive/2018/texmf-dist/tex/latex/xcolor/xcolor.sty
Package: xcolor 2016/05/11 v2.12 LaTeX color extensions (UK)

(c:/texlive/2018/texmf-dist/tex/latex/graphics-cfg/color.cfg
File: color.cfg 2016/01/02 v1.6 sample color configuration
)
Package xcolor Info: Driver file: pdftex.def on input line 225.
Package xcolor Info: Model `cmy' substituted by `cmy0' on input line 1348.
Package xcolor Info: Model `hsb' substituted by `rgb' on input line 1352.
Package xcolor Info: Model `RGB' extended on input line 1364.
Package xcolor Info: Model `HTML' substituted by `rgb' on input line 1366.
Package xcolor Info: Model `Hsb' substituted by `hsb' on input line 1367.
Package xcolor Info: Model `tHsb' substituted by `hsb' on input line 1368.
Package xcolor Info: Model `HSB' substituted by `hsb' on input line 1369.
Package xcolor Info: Model `Gray' substituted by `gray' on input line 1370.
Package xcolor Info: Model `wave' substituted by `hsb' on input line 1371.
)
(c:/texlive/2018/texmf-dist/tex/generic/pgf/basiclayer/pgfcore.code.tex
Package: pgfcore 2010/04/11 v3.0.1a (rcs-revision 1.7)

(c:/texlive/2018/texmf-dist/tex/generic/pgf/math/pgfmath.code.tex
(c:/texlive/2018/texmf-dist/tex/generic/pgf/math/pgfmathcalc.code.tex
(c:/texlive/2018/texmf-dist/tex/generic/pgf/math/pgfmathutil.code.tex)
(c:/texlive/2018/texmf-dist/tex/generic/pgf/math/pgfmathparser.code.tex
\pgfmath@dimen=\dimen145
\pgfmath@count=\count123
\pgfmath@box=\box32
\pgfmath@toks=\toks32
\pgfmath@stack@operand=\toks33
\pgfmath@stack@operation=\toks34
)
(c:/texlive/2018/texmf-dist/tex/generic/pgf/math/pgfmathfunctions.code.tex
(c:/texlive/2018/texmf-dist/tex/generic/pgf/math/pgfmathfunctions.basic.code.te
x)
(c:/texlive/2018/texmf-dist/tex/generic/pgf/math/pgfmathfunctions.trigonometric
.code.tex)
(c:/texlive/2018/texmf-dist/tex/generic/pgf/math/pgfmathfunctions.random.code.t
ex)
(c:/texlive/2018/texmf-dist/tex/generic/pgf/math/pgfmathfunctions.comparison.co
de.tex)
(c:/texlive/2018/texmf-dist/tex/generic/pgf/math/pgfmathfunctions.base.code.tex
)
(c:/texlive/2018/texmf-dist/tex/generic/pgf/math/pgfmathfunctions.round.code.te
x)
(c:/texlive/2018/texmf-dist/tex/generic/pgf/math/pgfmathfunctions.misc.code.tex
)
(c:/texlive/2018/texmf-dist/tex/generic/pgf/math/pgfmathfunctions.integerarithm
etics.code.tex)))
(c:/texlive/2018/texmf-dist/tex/generic/pgf/math/pgfmathfloat.code.tex
\c@pgfmathroundto@lastzeros=\count124
))
(c:/texlive/2018/texmf-dist/tex/generic/pgf/basiclayer/pgfcorepoints.code.tex
File: pgfcorepoints.code.tex 2013/10/07  (rcs-revision 1.27)
\pgf@picminx=\dimen146
\pgf@picmaxx=\dimen147
\pgf@picminy=\dimen148
\pgf@picmaxy=\dimen149
\pgf@pathminx=\dimen150
\pgf@pathmaxx=\dimen151
\pgf@pathminy=\dimen152
\pgf@pathmaxy=\dimen153
\pgf@xx=\dimen154
\pgf@xy=\dimen155
\pgf@yx=\dimen156
\pgf@yy=\dimen157
\pgf@zx=\dimen158
\pgf@zy=\dimen159
)
(c:/texlive/2018/texmf-dist/tex/generic/pgf/basiclayer/pgfcorepathconstruct.cod
e.tex
File: pgfcorepathconstruct.code.tex 2013/10/07  (rcs-revision 1.29)
\pgf@path@lastx=\dimen160
\pgf@path@lasty=\dimen161
)
(c:/texlive/2018/texmf-dist/tex/generic/pgf/basiclayer/pgfcorepathusage.code.te
x
File: pgfcorepathusage.code.tex 2014/11/02  (rcs-revision 1.24)
\pgf@shorten@end@additional=\dimen162
\pgf@shorten@start@additional=\dimen163
)
(c:/texlive/2018/texmf-dist/tex/generic/pgf/basiclayer/pgfcorescopes.code.tex
File: pgfcorescopes.code.tex 2015/05/08  (rcs-revision 1.46)
\pgfpic=\box33
\pgf@hbox=\box34
\pgf@layerbox@main=\box35
\pgf@picture@serial@count=\count125
)
(c:/texlive/2018/texmf-dist/tex/generic/pgf/basiclayer/pgfcoregraphicstate.code
.tex
File: pgfcoregraphicstate.code.tex 2014/11/02  (rcs-revision 1.12)
\pgflinewidth=\dimen164
)
(c:/texlive/2018/texmf-dist/tex/generic/pgf/basiclayer/pgfcoretransformations.c
ode.tex
File: pgfcoretransformations.code.tex 2015/08/07  (rcs-revision 1.20)
\pgf@pt@x=\dimen165
\pgf@pt@y=\dimen166
\pgf@pt@temp=\dimen167
)
(c:/texlive/2018/texmf-dist/tex/generic/pgf/basiclayer/pgfcorequick.code.tex
File: pgfcorequick.code.tex 2008/10/09  (rcs-revision 1.3)
)
(c:/texlive/2018/texmf-dist/tex/generic/pgf/basiclayer/pgfcoreobjects.code.tex
File: pgfcoreobjects.code.tex 2006/10/11  (rcs-revision 1.2)
)
(c:/texlive/2018/texmf-dist/tex/generic/pgf/basiclayer/pgfcorepathprocessing.co
de.tex
File: pgfcorepathprocessing.code.tex 2013/09/09  (rcs-revision 1.9)
)
(c:/texlive/2018/texmf-dist/tex/generic/pgf/basiclayer/pgfcorearrows.code.tex
File: pgfcorearrows.code.tex 2015/05/14  (rcs-revision 1.43)
\pgfarrowsep=\dimen168
)
(c:/texlive/2018/texmf-dist/tex/generic/pgf/basiclayer/pgfcoreshade.code.tex
File: pgfcoreshade.code.tex 2013/07/15  (rcs-revision 1.15)
\pgf@max=\dimen169
\pgf@sys@shading@range@num=\count126
)
(c:/texlive/2018/texmf-dist/tex/generic/pgf/basiclayer/pgfcoreimage.code.tex
File: pgfcoreimage.code.tex 2013/07/15  (rcs-revision 1.18)

(c:/texlive/2018/texmf-dist/tex/generic/pgf/basiclayer/pgfcoreexternal.code.tex
File: pgfcoreexternal.code.tex 2014/07/09  (rcs-revision 1.21)
\pgfexternal@startupbox=\box36
))
(c:/texlive/2018/texmf-dist/tex/generic/pgf/basiclayer/pgfcorelayers.code.tex
File: pgfcorelayers.code.tex 2013/07/18  (rcs-revision 1.7)
)
(c:/texlive/2018/texmf-dist/tex/generic/pgf/basiclayer/pgfcoretransparency.code
.tex
File: pgfcoretransparency.code.tex 2013/09/30  (rcs-revision 1.5)
)
(c:/texlive/2018/texmf-dist/tex/generic/pgf/basiclayer/pgfcorepatterns.code.tex
File: pgfcorepatterns.code.tex 2013/11/07  (rcs-revision 1.5)
)))
(c:/texlive/2018/texmf-dist/tex/generic/pgf/modules/pgfmoduleshapes.code.tex
File: pgfmoduleshapes.code.tex 2014/03/21  (rcs-revision 1.35)
\pgfnodeparttextbox=\box37
)
(c:/texlive/2018/texmf-dist/tex/generic/pgf/modules/pgfmoduleplot.code.tex
File: pgfmoduleplot.code.tex 2015/08/03  (rcs-revision 1.13)
)
(c:/texlive/2018/texmf-dist/tex/latex/pgf/compatibility/pgfcomp-version-0-65.st
y
Package: pgfcomp-version-0-65 2007/07/03 v3.0.1a (rcs-revision 1.7)
\pgf@nodesepstart=\dimen170
\pgf@nodesepend=\dimen171
)
(c:/texlive/2018/texmf-dist/tex/latex/pgf/compatibility/pgfcomp-version-1-18.st
y
Package: pgfcomp-version-1-18 2007/07/23 v3.0.1a (rcs-revision 1.1)
)) (c:/texlive/2018/texmf-dist/tex/latex/pgf/utilities/pgffor.sty
(c:/texlive/2018/texmf-dist/tex/latex/pgf/utilities/pgfkeys.sty
(c:/texlive/2018/texmf-dist/tex/generic/pgf/utilities/pgfkeys.code.tex))
(c:/texlive/2018/texmf-dist/tex/latex/pgf/math/pgfmath.sty
(c:/texlive/2018/texmf-dist/tex/generic/pgf/math/pgfmath.code.tex))
(c:/texlive/2018/texmf-dist/tex/generic/pgf/utilities/pgffor.code.tex
Package: pgffor 2013/12/13 v3.0.1a (rcs-revision 1.25)

(c:/texlive/2018/texmf-dist/tex/generic/pgf/math/pgfmath.code.tex)
\pgffor@iter=\dimen172
\pgffor@skip=\dimen173
\pgffor@stack=\toks35
\pgffor@toks=\toks36
))
(c:/texlive/2018/texmf-dist/tex/generic/pgf/frontendlayer/tikz/tikz.code.tex
Package: tikz 2015/08/07 v3.0.1a (rcs-revision 1.151)

(c:/texlive/2018/texmf-dist/tex/generic/pgf/libraries/pgflibraryplothandlers.co
de.tex
File: pgflibraryplothandlers.code.tex 2013/08/31 v3.0.1a (rcs-revision 1.20)
\pgf@plot@mark@count=\count127
\pgfplotmarksize=\dimen174
)
\tikz@lastx=\dimen175
\tikz@lasty=\dimen176
\tikz@lastxsaved=\dimen177
\tikz@lastysaved=\dimen178
\tikzleveldistance=\dimen179
\tikzsiblingdistance=\dimen180
\tikz@figbox=\box38
\tikz@figbox@bg=\box39
\tikz@tempbox=\box40
\tikz@tempbox@bg=\box41
\tikztreelevel=\count128
\tikznumberofchildren=\count129
\tikznumberofcurrentchild=\count130
\tikz@fig@count=\count131

(c:/texlive/2018/texmf-dist/tex/generic/pgf/modules/pgfmodulematrix.code.tex
File: pgfmodulematrix.code.tex 2013/09/17  (rcs-revision 1.8)
\pgfmatrixcurrentrow=\count132
\pgfmatrixcurrentcolumn=\count133
\pgf@matrix@numberofcolumns=\count134
)
\tikz@expandcount=\count135

(c:/texlive/2018/texmf-dist/tex/generic/pgf/frontendlayer/tikz/libraries/tikzli
brarytopaths.code.tex
File: tikzlibrarytopaths.code.tex 2008/06/17 v3.0.1a (rcs-revision 1.2)
)))
(c:/texlive/2018/texmf-dist/tex/generic/pgfplots/pgfplots.code.tex
(c:/texlive/2018/texmf-dist/tex/generic/pgfplots/pgfplotscore.code.tex
\t@pgfplots@toka=\toks37
\t@pgfplots@tokb=\toks38
\t@pgfplots@tokc=\toks39
\pgfplots@tmpa=\dimen181
\c@pgfplots@coordindex=\count136
\c@pgfplots@scanlineindex=\count137

(c:/texlive/2018/texmf-dist/tex/generic/pgfplots/sys/pgfplotssysgeneric.code.te
x))
(c:/texlive/2018/texmf-dist/tex/generic/pgfplots/libs/pgfplotslibrary.code.tex)

(c:/texlive/2018/texmf-dist/tex/generic/pgfplots/oldpgfcompatib/pgfplotsoldpgfs
upp_loader.code.tex
(c:/texlive/2018/texmf-dist/tex/generic/pgf/libraries/pgflibraryfpu.code.tex)
Package pgfplots: loading complementary arithmetics for your pgf version...

(c:/texlive/2018/texmf-dist/tex/generic/pgfplots/oldpgfcompatib/pgfplotsoldpgfs
upp_pgflibraryfpu.code.tex)
(c:/texlive/2018/texmf-dist/tex/generic/pgfplots/oldpgfcompatib/pgfplotsoldpgfs
upp_pgfmathfloat.code.tex
\c@pgfmathroundto@lastzeros=\count138
)
(c:/texlive/2018/texmf-dist/tex/generic/pgfplots/oldpgfcompatib/pgfplotsoldpgfs
upp_leq.code.tex))
(c:/texlive/2018/texmf-dist/tex/generic/pgfplots/util/pgfplotsutil.code.tex
(c:/texlive/2018/texmf-dist/tex/generic/pgfplots/liststructure/pgfplotsliststru
cture.code.tex)
(c:/texlive/2018/texmf-dist/tex/generic/pgfplots/liststructure/pgfplotsliststru
ctureext.code.tex)
(c:/texlive/2018/texmf-dist/tex/generic/pgfplots/liststructure/pgfplotsarray.co
de.tex
\c@pgfplotsarray@tmp=\count139
)
(c:/texlive/2018/texmf-dist/tex/generic/pgfplots/liststructure/pgfplotsmatrix.c
ode.tex)
(c:/texlive/2018/texmf-dist/tex/generic/pgfplots/numtable/pgfplotstableshared.c
ode.tex
\c@pgfplotstable@counta=\count140
\t@pgfplotstable@a=\toks40
)
(c:/texlive/2018/texmf-dist/tex/generic/pgfplots/liststructure/pgfplotsdeque.co
de.tex)
(c:/texlive/2018/texmf-dist/tex/generic/pgfplots/util/pgfplotsbinary.code.tex
(c:/texlive/2018/texmf-dist/tex/generic/pgfplots/util/pgfplotsbinary.data.code.
tex))
(c:/texlive/2018/texmf-dist/tex/generic/pgfplots/util/pgfplotsutil.verb.code.te
x)
(c:/texlive/2018/texmf-dist/tex/generic/pgfplots/libs/pgflibrarypgfplots.surfsh
ading.code.tex
\c@pgfplotslibrarysurf@no=\count141

(c:/texlive/2018/texmf-dist/tex/generic/pgfplots/sys/pgflibrarypgfplots.surfsha
ding.pgfsys-pdftex.def)))
(c:/texlive/2018/texmf-dist/tex/generic/pgfplots/util/pgfplotscolormap.code.tex
(c:/texlive/2018/texmf-dist/tex/generic/pgfplots/util/pgfplotscolor.code.tex))
(c:/texlive/2018/texmf-dist/tex/generic/pgfplots/pgfplotsstackedplots.code.tex)
(c:/texlive/2018/texmf-dist/tex/generic/pgfplots/pgfplotsplothandlers.code.tex
(c:/texlive/2018/texmf-dist/tex/generic/pgfplots/pgfplotsmeshplothandler.code.t
ex
(c:/texlive/2018/texmf-dist/tex/generic/pgfplots/pgfplotsmeshplotimage.code.tex
))) (c:/texlive/2018/texmf-dist/tex/generic/pgfplots/pgfplots.scaling.code.tex)

(c:/texlive/2018/texmf-dist/tex/generic/pgfplots/pgfplotscoordprocessing.code.t
ex)
(c:/texlive/2018/texmf-dist/tex/generic/pgfplots/pgfplots.errorbars.code.tex)
(c:/texlive/2018/texmf-dist/tex/generic/pgfplots/pgfplots.markers.code.tex)
(c:/texlive/2018/texmf-dist/tex/generic/pgfplots/pgfplotsticks.code.tex)
(c:/texlive/2018/texmf-dist/tex/generic/pgfplots/pgfplots.paths.code.tex)
(c:/texlive/2018/texmf-dist/tex/generic/pgf/frontendlayer/tikz/libraries/tikzli
brarydecorations.code.tex
(c:/texlive/2018/texmf-dist/tex/generic/pgf/modules/pgfmoduledecorations.code.t
ex
\pgfdecoratedcompleteddistance=\dimen182
\pgfdecoratedremainingdistance=\dimen183
\pgfdecoratedinputsegmentcompleteddistance=\dimen184
\pgfdecoratedinputsegmentremainingdistance=\dimen185
\pgf@decorate@distancetomove=\dimen186
\pgf@decorate@repeatstate=\count142
\pgfdecorationsegmentamplitude=\dimen187
\pgfdecorationsegmentlength=\dimen188
)
\tikz@lib@dec@box=\box42
)
(c:/texlive/2018/texmf-dist/tex/generic/pgf/frontendlayer/tikz/libraries/tikzli
brarydecorations.pathmorphing.code.tex
(c:/texlive/2018/texmf-dist/tex/generic/pgf/libraries/decorations/pgflibrarydec
orations.pathmorphing.code.tex))
(c:/texlive/2018/texmf-dist/tex/generic/pgf/frontendlayer/tikz/libraries/tikzli
brarydecorations.pathreplacing.code.tex
(c:/texlive/2018/texmf-dist/tex/generic/pgf/libraries/decorations/pgflibrarydec
orations.pathreplacing.code.tex))
\pgfplots@numplots=\count143
\pgfplots@xmin@reg=\dimen189
\pgfplots@xmax@reg=\dimen190
\pgfplots@ymin@reg=\dimen191
\pgfplots@ymax@reg=\dimen192
\pgfplots@zmin@reg=\dimen193
\pgfplots@zmax@reg=\dimen194
)
(c:/texlive/2018/texmf-dist/tex/generic/pgf/frontendlayer/tikz/libraries/tikzli
braryplotmarks.code.tex
File: tikzlibraryplotmarks.code.tex 2008/01/09 v3.0.1a (rcs-revision 1.1)

(c:/texlive/2018/texmf-dist/tex/generic/pgf/libraries/pgflibraryplotmarks.code.
tex
File: pgflibraryplotmarks.code.tex 2015/08/03 v3.0.1a (rcs-revision 1.14)
))) (c:/texlive/2018/texmf-dist/tex/latex/float/float.sty
Package: float 2001/11/08 v1.3d Float enhancements (AL)
\c@float@type=\count144
\float@exts=\toks41
\float@box=\box43
\@float@everytoks=\toks42
\@floatcapt=\box44
)
(c:/texlive/2018/texmf-dist/tex/latex/psnfss/mathptmx.sty
Package: mathptmx 2005/04/12 PSNFSS-v9.2a Times w/ Math, improved (SPQR, WaS) 
LaTeX Font Info:    Redeclaring symbol font `operators' on input line 28.
LaTeX Font Info:    Overwriting symbol font `operators' in version `normal'
(Font)                  OT1/cmr/m/n --> OT1/ztmcm/m/n on input line 28.
LaTeX Font Info:    Overwriting symbol font `operators' in version `bold'
(Font)                  OT1/cmr/bx/n --> OT1/ztmcm/m/n on input line 28.
LaTeX Font Info:    Redeclaring symbol font `letters' on input line 29.
LaTeX Font Info:    Overwriting symbol font `letters' in version `normal'
(Font)                  OML/cmm/m/it --> OML/ztmcm/m/it on input line 29.
LaTeX Font Info:    Overwriting symbol font `letters' in version `bold'
(Font)                  OML/cmm/b/it --> OML/ztmcm/m/it on input line 29.
LaTeX Font Info:    Redeclaring symbol font `symbols' on input line 30.
LaTeX Font Info:    Overwriting symbol font `symbols' in version `normal'
(Font)                  OMS/cmsy/m/n --> OMS/ztmcm/m/n on input line 30.
LaTeX Font Info:    Overwriting symbol font `symbols' in version `bold'
(Font)                  OMS/cmsy/b/n --> OMS/ztmcm/m/n on input line 30.
LaTeX Font Info:    Redeclaring symbol font `largesymbols' on input line 31.
LaTeX Font Info:    Overwriting symbol font `largesymbols' in version `normal'
(Font)                  OMX/cmex/m/n --> OMX/ztmcm/m/n on input line 31.
LaTeX Font Info:    Overwriting symbol font `largesymbols' in version `bold'
(Font)                  OMX/cmex/m/n --> OMX/ztmcm/m/n on input line 31.
\symbold=\mathgroup6
\symitalic=\mathgroup7
LaTeX Font Info:    Redeclaring math alphabet \mathbf on input line 34.
LaTeX Font Info:    Overwriting math alphabet `\mathbf' in version `normal'
(Font)                  OT1/cmr/bx/n --> OT1/ptm/bx/n on input line 34.
LaTeX Font Info:    Overwriting math alphabet `\mathbf' in version `bold'
(Font)                  OT1/cmr/bx/n --> OT1/ptm/bx/n on input line 34.
LaTeX Font Info:    Redeclaring math alphabet \mathit on input line 35.
LaTeX Font Info:    Overwriting math alphabet `\mathit' in version `normal'
(Font)                  OT1/cmr/m/it --> OT1/ptm/m/it on input line 35.
LaTeX Font Info:    Overwriting math alphabet `\mathit' in version `bold'
(Font)                  OT1/cmr/bx/it --> OT1/ptm/m/it on input line 35.
LaTeX Info: Redefining \hbar on input line 50.
)
(c:/texlive/2018/texmf-dist/tex/latex/pdfpages/pdfpages.sty
Package: pdfpages 2017/10/31 v0.5l Insert pages of external PDF documents (AM)

(c:/texlive/2018/texmf-dist/tex/latex/base/ifthen.sty
Package: ifthen 2014/09/29 v1.1c Standard LaTeX ifthen package (DPC)
)
(c:/texlive/2018/texmf-dist/tex/latex/tools/calc.sty
Package: calc 2017/05/25 v4.3 Infix arithmetic (KKT,FJ)
\calc@Acount=\count145
\calc@Bcount=\count146
\calc@Adimen=\dimen195
\calc@Bdimen=\dimen196
\calc@Askip=\skip57
\calc@Bskip=\skip58
LaTeX Info: Redefining \setlength on input line 80.
LaTeX Info: Redefining \addtolength on input line 81.
\calc@Ccount=\count147
\calc@Cskip=\skip59
)
(c:/texlive/2018/texmf-dist/tex/latex/eso-pic/eso-pic.sty
Package: eso-pic 2015/07/21 v2.0g eso-pic (RN)

(c:/texlive/2018/texmf-dist/tex/generic/oberdiek/atbegshi.sty
Package: atbegshi 2016/06/09 v1.18 At begin shipout hook (HO)

(c:/texlive/2018/texmf-dist/tex/generic/oberdiek/infwarerr.sty
Package: infwarerr 2016/05/16 v1.4 Providing info/warning/error messages (HO)
)
(c:/texlive/2018/texmf-dist/tex/generic/oberdiek/ltxcmds.sty
Package: ltxcmds 2016/05/16 v1.23 LaTeX kernel commands for general use (HO)
)))
\AM@pagewidth=\dimen197
\AM@pageheight=\dimen198

(c:/texlive/2018/texmf-dist/tex/latex/pdfpages/pppdftex.def
File: pppdftex.def 2017/10/31 v0.5l Pdfpages driver for pdfTeX (AM)
)
\AM@pagebox=\box45
\AM@global@opts=\toks43
\AM@toc@title=\toks44
\c@AM@survey=\count148
\AM@templatesizebox=\box46
)
(c:/texlive/2018/texmf-dist/tex/generic/ulem/ulem.sty
\UL@box=\box47
\UL@hyphenbox=\box48
\UL@skip=\skip60
\UL@hook=\toks45
\UL@height=\dimen199
\UL@pe=\count149
\UL@pixel=\dimen256
\ULC@box=\box49
Package: ulem 2012/05/18
\ULdepth=\dimen257
)
(c:/texlive/2018/texmf-dist/tex/latex/multirow/multirow.sty
Package: multirow 2016/11/25 v2.2 Span multiple rows of a table
\multirow@colwidth=\skip61
\multirow@cntb=\count150
\multirow@dima=\skip62
\bigstrutjot=\dimen258
)
(c:/texlive/2018/texmf-dist/tex/latex/diagbox/diagbox.sty
Package: diagbox 2016/12/28 v2.2 Making table heads with diagonal lines

(c:/texlive/2018/texmf-dist/tex/latex/pict2e/pict2e.sty
Package: pict2e 2016/02/05 v0.3b Improved picture commands (HjG,RN,JT)

(c:/texlive/2018/texmf-dist/tex/latex/pict2e/pict2e.cfg
File: pict2e.cfg 2016/02/05 v0.1u pict2e configuration for teTeX/TeXLive
)
Package pict2e Info: Driver file: pdftex.def on input line 119.
Package pict2e Info: Driver file for pict2e: p2e-pdftex.def on input line 121.

(c:/texlive/2018/texmf-dist/tex/latex/pict2e/p2e-pdftex.def
File: p2e-pdftex.def 2016/02/05 v0.1u Driver-dependant file (RN,HjG,JT)
)
\pIIe@GRAPH=\toks46
\@arclen=\dimen259
\@arcrad=\dimen260
\@tempdimd=\dimen261
)
(c:/texlive/2018/texmf-dist/tex/latex/fp/fp.sty
Package: fp 1995/04/02

`Fixed Point Package', Version 0.8, April 2, 1995 (C) Michael Mehlich
(c:/texlive/2018/texmf-dist/tex/latex/fp/defpattern.sty
Package: defpattern 1994/10/12
\actioncount=\count151
)
(c:/texlive/2018/texmf-dist/tex/latex/fp/fp-basic.sty
Package: fp-basic 1996/05/13
\FP@xs=\count152
\FP@xia=\count153
\FP@xib=\count154
\FP@xfa=\count155
\FP@xfb=\count156
\FP@rega=\count157
\FP@regb=\count158
\FP@regs=\count159
\FP@times=\count160
)
(c:/texlive/2018/texmf-dist/tex/latex/fp/fp-addons.sty
Package: fp-addons 1995/03/15
)
(c:/texlive/2018/texmf-dist/tex/latex/fp/fp-snap.sty
Package: fp-snap 1995/04/05
)
(c:/texlive/2018/texmf-dist/tex/latex/fp/fp-exp.sty
Package: fp-exp 1995/04/03
)
(c:/texlive/2018/texmf-dist/tex/latex/fp/fp-trigo.sty
Package: fp-trigo 1995/04/14
)
(c:/texlive/2018/texmf-dist/tex/latex/fp/fp-pas.sty
Package: fp-pas 1994/08/29
)
(c:/texlive/2018/texmf-dist/tex/latex/fp/fp-random.sty
Package: fp-random 1995/02/23
\FPseed=\count161
)
(c:/texlive/2018/texmf-dist/tex/latex/fp/fp-eqn.sty
Package: fp-eqn 1995/04/03
)
(c:/texlive/2018/texmf-dist/tex/latex/fp/fp-upn.sty
Package: fp-upn 1996/10/21
)
(c:/texlive/2018/texmf-dist/tex/latex/fp/fp-eval.sty
Package: fp-eval 1995/04/03
))
(c:/texlive/2018/texmf-dist/tex/latex/tools/array.sty
Package: array 2018/04/07 v2.4g Tabular extension package (FMi)
\col@sep=\dimen262
\ar@mcellbox=\box50
\extrarowheight=\dimen263
\NC@list=\toks47
\extratabsurround=\skip63
\backup@length=\skip64
\ar@cellbox=\box51
)
\diagbox@boxa=\box52
\diagbox@boxb=\box53
\diagbox@boxm=\box54
\diagbox@wd=\dimen264
\diagbox@ht=\dimen265
\diagbox@insepl=\dimen266
\diagbox@insepr=\dimen267
\diagbox@outsepl=\dimen268
\diagbox@outsepr=\dimen269
)
(c:/texlive/2018/texmf-dist/tex/latex/makecell/makecell.sty
Package: makecell 2009/08/03 V0.1e Managing of Tab Column Heads and Cells
\rotheadsize=\dimen270
\c@nlinenum=\count162
\TeXr@lab=\toks48
)
(c:/texlive/2018/texmf-dist/tex/latex/cite/cite.sty
LaTeX Info: Redefining \cite on input line 302.
LaTeX Info: Redefining \nocite on input line 332.
Package: cite 2015/02/27  v 5.5
)
(c:/texlive/2018/texmf-dist/tex/latex/fancyhdr/fancyhdr.sty
Package: fancyhdr 2017/06/30 v3.9a Extensive control of page headers and footer
s
\f@nch@headwidth=\skip65
\f@nch@O@elh=\skip66
\f@nch@O@erh=\skip67
\f@nch@O@olh=\skip68
\f@nch@O@orh=\skip69
\f@nch@O@elf=\skip70
\f@nch@O@erf=\skip71
\f@nch@O@olf=\skip72
\f@nch@O@orf=\skip73
)
(./Masterarbeit.aux (./Titlepage.aux) (./emptypage.aux) (./emptypage.aux)
(./emptypage.aux) (./Einleitung/Einleitung.aux) (./emptypage.aux)
(./Theoretische_Grundlagen/Theoretische_Grundlagen.aux) (./emptypage.aux)
(./Berechnungsmodell/Berechnungsmodell.aux) (./emptypage.aux)
(./Experimentelle_Untersuchungen/Experimentelle_Untersuchungen.aux)
(./emptypage.aux) (./Ergebnisse/Ergebnisse.aux) (./emptypage.aux)
(./Zusammenfassung/Zusammenfassung.aux) (./emptypage.aux)
(./Verzeichnis/Verzeichnis.aux) (./Anhang/Anhang_A.aux) (./emptypage.aux)
(./Anhang/Anhang_B.aux))
\openout1 = `Masterarbeit.aux'.

LaTeX Font Info:    Checking defaults for OML/cmm/m/it on input line 132.
LaTeX Font Info:    ... okay on input line 132.
LaTeX Font Info:    Checking defaults for T1/cmr/m/n on input line 132.
LaTeX Font Info:    ... okay on input line 132.
LaTeX Font Info:    Checking defaults for OT1/cmr/m/n on input line 132.
LaTeX Font Info:    ... okay on input line 132.
LaTeX Font Info:    Checking defaults for OMS/cmsy/m/n on input line 132.
LaTeX Font Info:    ... okay on input line 132.
LaTeX Font Info:    Checking defaults for OMX/cmex/m/n on input line 132.
LaTeX Font Info:    ... okay on input line 132.
LaTeX Font Info:    Checking defaults for U/cmr/m/n on input line 132.
LaTeX Font Info:    ... okay on input line 132.
LaTeX Font Info:    Checking defaults for TS1/cmr/m/n on input line 132.
LaTeX Font Info:    Try loading font information for TS1+cmr on input line 132.

 (c:/texlive/2018/texmf-dist/tex/latex/base/ts1cmr.fd
File: ts1cmr.fd 2014/09/29 v2.5h Standard LaTeX font definitions
)
LaTeX Font Info:    ... okay on input line 132.
LaTeX Font Info:    Try loading font information for T1+ptm on input line 132.

(c:/texlive/2018/texmf-dist/tex/latex/psnfss/t1ptm.fd
File: t1ptm.fd 2001/06/04 font definitions for T1/ptm.
)
(c:/texlive/2018/texmf-dist/tex/context/base/mkii/supp-pdf.mkii
[Loading MPS to PDF converter (version 2006.09.02).]
\scratchcounter=\count163
\scratchdimen=\dimen271
\scratchbox=\box55
\nofMPsegments=\count164
\nofMParguments=\count165
\everyMPshowfont=\toks49
\MPscratchCnt=\count166
\MPscratchDim=\dimen272
\MPnumerator=\count167
\makeMPintoPDFobject=\count168
\everyMPtoPDFconversion=\toks50
) (c:/texlive/2018/texmf-dist/tex/latex/oberdiek/epstopdf-base.sty
Package: epstopdf-base 2016/05/15 v2.6 Base part for package epstopdf

(c:/texlive/2018/texmf-dist/tex/latex/oberdiek/grfext.sty
Package: grfext 2016/05/16 v1.2 Manage graphics extensions (HO)

(c:/texlive/2018/texmf-dist/tex/generic/oberdiek/kvdefinekeys.sty
Package: kvdefinekeys 2016/05/16 v1.4 Define keys (HO)
))
(c:/texlive/2018/texmf-dist/tex/latex/oberdiek/kvoptions.sty
Package: kvoptions 2016/05/16 v3.12 Key value format for package options (HO)

(c:/texlive/2018/texmf-dist/tex/generic/oberdiek/kvsetkeys.sty
Package: kvsetkeys 2016/05/16 v1.17 Key value parser (HO)

(c:/texlive/2018/texmf-dist/tex/generic/oberdiek/etexcmds.sty
Package: etexcmds 2016/05/16 v1.6 Avoid name clashes with e-TeX commands (HO)

(c:/texlive/2018/texmf-dist/tex/generic/oberdiek/ifluatex.sty
Package: ifluatex 2016/05/16 v1.4 Provides the ifluatex switch (HO)
Package ifluatex Info: LuaTeX not detected.
)
Package etexcmds Info: Could not find \expanded.
(etexcmds)             That can mean that you are not using pdfTeX 1.50 or
(etexcmds)             that some package has redefined \expanded.
(etexcmds)             In the latter case, load this package earlier.
)))
(c:/texlive/2018/texmf-dist/tex/generic/oberdiek/pdftexcmds.sty
Package: pdftexcmds 2018/01/30 v0.27 Utility functions of pdfTeX for LuaTeX (HO
)
Package pdftexcmds Info: LuaTeX not detected.
Package pdftexcmds Info: \pdf@primitive is available.
Package pdftexcmds Info: \pdf@ifprimitive is available.
Package pdftexcmds Info: \pdfdraftmode found.
)
Package epstopdf-base Info: Redefining graphics rule for `.eps' on input line 4
38.
Package grfext Info: Graphics extension search list:
(grfext)             [.pdf,.png,.jpg,.mps,.jpeg,.jbig2,.jb2,.PDF,.PNG,.JPG,.JPE
G,.JBIG2,.JB2,.eps]
(grfext)             \AppendGraphicsExtensions on input line 456.

(c:/texlive/2018/texmf-dist/tex/latex/latexconfig/epstopdf-sys.cfg
File: epstopdf-sys.cfg 2010/07/13 v1.3 Configuration of (r)epstopdf for TeX Liv
e
))
*geometry* driver: auto-detecting
*geometry* detected driver: pdftex
*geometry* verbose mode - [ preamble ] result:
* driver: pdftex
* paper: a4paper
* layout: <same size as paper>
* layoutoffset:(h,v)=(0.0pt,0.0pt)
* modes: twoside 
* h-part:(L,W,R)=(105.0pt, 422.50787pt, 70.0pt)
* v-part:(T,H,B)=(95.0pt, 640.04684pt, 110.0pt)
* \paperwidth=597.50787pt
* \paperheight=845.04684pt
* \textwidth=422.50787pt
* \textheight=640.04684pt
* \oddsidemargin=32.73001pt
* \evensidemargin=-2.26999pt
* \topmargin=-14.26999pt
* \headheight=12.0pt
* \headsep=25.0pt
* \topskip=11.0pt
* \footskip=30.0pt
* \marginparwidth=103.0pt
* \marginparsep=10.0pt
* \columnsep=10.0pt
* \skip\footins=10.0pt plus 4.0pt minus 2.0pt
* \hoffset=0.0pt
* \voffset=0.0pt
* \mag=1000
* \@twocolumnfalse
* \@twosidetrue
* \@mparswitchtrue
* \@reversemarginfalse
* (1in=72.27pt=25.4mm, 1cm=28.453pt)

\c@lstlisting=\count169
ABD: EveryShipout initializing macros

Package pgfplots Warning: running in backwards compatibility mode (unsuitable t
ick labels; missing features). Consider writing \pgfplotsset{compat=1.16} into 
your preamble.
 on input line 132.

\AtBeginShipoutBox=\box56
(c:/texlive/2018/texmf-dist/tex/latex/oberdiek/pdflscape.sty
Package: pdflscape 2016/05/14 v0.11 Display of landscape pages in PDF (HO)

(c:/texlive/2018/texmf-dist/tex/latex/graphics/lscape.sty
Package: lscape 2000/10/22 v3.01 Landscape Pages (DPC)
)
Package pdflscape Info: Auto-detected driver: pdftex on input line 81.
)
\openout2 = `Titlepage.aux'.

 (./Titlepage.tex
LaTeX Font Info:    Font shape `T1/ptm/bx/n' in size <17.28> not available
(Font)              Font shape `T1/ptm/b/n' tried instead on input line 6.

Underfull \hbox (badness 10000) in paragraph at lines 6--7

 []

LaTeX Font Info:    Try loading font information for OT1+ztmcm on input line 16
.
(c:/texlive/2018/texmf-dist/tex/latex/psnfss/ot1ztmcm.fd
File: ot1ztmcm.fd 2000/01/03 Fontinst v1.801 font definitions for OT1/ztmcm.
)
LaTeX Font Info:    Try loading font information for OML+ztmcm on input line 16
.

(c:/texlive/2018/texmf-dist/tex/latex/psnfss/omlztmcm.fd
File: omlztmcm.fd 2000/01/03 Fontinst v1.801 font definitions for OML/ztmcm.
)
LaTeX Font Info:    Try loading font information for OMS+ztmcm on input line 16
.

(c:/texlive/2018/texmf-dist/tex/latex/psnfss/omsztmcm.fd
File: omsztmcm.fd 2000/01/03 Fontinst v1.801 font definitions for OMS/ztmcm.
)
LaTeX Font Info:    Try loading font information for OMX+ztmcm on input line 16
.

(c:/texlive/2018/texmf-dist/tex/latex/psnfss/omxztmcm.fd
File: omxztmcm.fd 2000/01/03 Fontinst v1.801 font definitions for OMX/ztmcm.
)
LaTeX Font Info:    Try loading font information for OT1+ptm on input line 16.

(c:/texlive/2018/texmf-dist/tex/latex/psnfss/ot1ptm.fd
File: ot1ptm.fd 2001/06/04 font definitions for OT1/ptm.
)
LaTeX Font Info:    Font shape `OT1/ptm/bx/n' in size <10.95> not available
(Font)              Font shape `OT1/ptm/b/n' tried instead on input line 16.
LaTeX Font Info:    Font shape `OT1/ptm/bx/n' in size <8> not available
(Font)              Font shape `OT1/ptm/b/n' tried instead on input line 16.
LaTeX Font Info:    Font shape `OT1/ptm/bx/n' in size <6> not available
(Font)              Font shape `OT1/ptm/b/n' tried instead on input line 16.

Underfull \hbox (badness 10000) in paragraph at lines 8--23

 []


Underfull \hbox (badness 10000) in paragraph at lines 8--23

 []


Underfull \hbox (badness 10000) in paragraph at lines 8--23

 []


Underfull \hbox (badness 10000) in paragraph at lines 8--23

 []


Underfull \hbox (badness 10000) in paragraph at lines 8--23

 []


Underfull \hbox (badness 10000) in paragraph at lines 8--23

 []


Underfull \hbox (badness 10000) in paragraph at lines 8--23

 []

[1


{c:/texlive/2018/texmf-var/fonts/map/pdftex/updmap/pdftex.map}])
\openout2 = `emptypage.aux'.


(./emptypage.tex
Underfull \hbox (badness 10000) in paragraph at lines 4--5

 []

[2


])
<Ausschreibung_Schaukasten.pdf, id=14, 597.50829pt x 845.0471pt>
File: Ausschreibung_Schaukasten.pdf Graphic file (type pdf)
<use Ausschreibung_Schaukasten.pdf>
Package pdftex.def Info: Ausschreibung_Schaukasten.pdf  used on input line 139.

(pdftex.def)             Requested size: 597.50682pt x 845.04504pt.
File: Ausschreibung_Schaukasten.pdf Graphic file (type pdf)
<use Ausschreibung_Schaukasten.pdf>
Package pdftex.def Info: Ausschreibung_Schaukasten.pdf  used on input line 139.

(pdftex.def)             Requested size: 597.50682pt x 845.04504pt.
<Ausschreibung_Schaukasten.pdf, id=17, page=1, 597.50829pt x 845.0471pt>
File: Ausschreibung_Schaukasten.pdf Graphic file (type pdf)
<use Ausschreibung_Schaukasten.pdf, page 1>
Package pdftex.def Info: Ausschreibung_Schaukasten.pdf , page1 used on input li
ne 139.
(pdftex.def)             Requested size: 597.50682pt x 845.04504pt.
File: Ausschreibung_Schaukasten.pdf Graphic file (type pdf)
<use Ausschreibung_Schaukasten.pdf, page 1>
Package pdftex.def Info: Ausschreibung_Schaukasten.pdf , page1 used on input li
ne 139.
(pdftex.def)             Requested size: 537.75249pt x 760.53537pt.
File: Ausschreibung_Schaukasten.pdf Graphic file (type pdf)
<use Ausschreibung_Schaukasten.pdf, page 1>
Package pdftex.def Info: Ausschreibung_Schaukasten.pdf , page1 used on input li
ne 139.
(pdftex.def)             Requested size: 537.75249pt x 760.53537pt.
File: Ausschreibung_Schaukasten.pdf Graphic file (type pdf)
<use Ausschreibung_Schaukasten.pdf, page 1>
Package pdftex.def Info: Ausschreibung_Schaukasten.pdf , page1 used on input li
ne 139.
(pdftex.def)             Requested size: 537.75249pt x 760.53537pt.
File: Ausschreibung_Schaukasten.pdf Graphic file (type pdf)
<use Ausschreibung_Schaukasten.pdf, page 1>
Package pdftex.def Info: Ausschreibung_Schaukasten.pdf , page1 used on input li
ne 139.
(pdftex.def)             Requested size: 537.75249pt x 760.53537pt.
 [3

 <./Ausschreibung_Schaukasten.pdf>]
\openout2 = `emptypage.aux'.

 (./emptypage.tex
Underfull \hbox (badness 10000) in paragraph at lines 4--5

 []

[4

])
LaTeX Font Info:    Font shape `T1/ptm/bx/n' in size <14.4> not available
(Font)              Font shape `T1/ptm/b/n' tried instead on input line 145.
 (./Masterarbeit.toc
LaTeX Font Info:    Font shape `T1/ptm/bx/n' in size <10.95> not available
(Font)              Font shape `T1/ptm/b/n' tried instead on input line 2.
LaTeX Font Info:    Try loading font information for T1+cmss on input line 31.
 (c:/texlive/2018/texmf-dist/tex/latex/base/t1cmss.fd
File: t1cmss.fd 2014/09/29 v2.5h Standard LaTeX font definitions
)
Overfull \hbox (1.07562pt too wide) detected at line 31
 \T1/cmss/bx/n/10.95 A-1
 []


Overfull \hbox (1.09814pt too wide) detected at line 32
 \T1/cmss/bx/n/10.95 B-1
 []

)
\tf@toc=\write4
\openout4 = `Masterarbeit.toc'.



Package Fancyhdr Warning: \headheight is too small (12.0pt): 
 Make it at least 13.59999pt.
 We now make it that large for the rest of the document.
 This may cause the page layout to be inconsistent, however.

[5

]
\openout2 = `emptypage.aux'.

 (./emptypage.tex
Underfull \hbox (badness 10000) in paragraph at lines 4--5

 []

[6

])
\openout2 = `Einleitung/Einleitung.aux'.

 (./Einleitung/Einleitung.tex
Underfull \hbox (badness 10000) in paragraph at lines 3--4

 []


Underfull \hbox (badness 10000) in paragraph at lines 5--6

 []


Underfull \hbox (badness 10000) in paragraph at lines 7--8

 []

LaTeX Font Info:    Try loading font information for TS1+ptm on input line 9.
(c:/texlive/2018/texmf-dist/tex/latex/psnfss/ts1ptm.fd
File: ts1ptm.fd 2001/06/04 font definitions for TS1/ptm.
))

Package Fancyhdr Warning: \headheight is too small (12.0pt): 
 Make it at least 13.59999pt.
 We now make it that large for the rest of the document.
 This may cause the page layout to be inconsistent, however.

[1


]
\openout2 = `emptypage.aux'.

 (./emptypage.tex
Underfull \hbox (badness 10000) in paragraph at lines 4--5

 []

[2


])
\openout2 = `Theoretische_Grundlagen/Theoretische_Grundlagen.aux'.

 (./Theoretische_Grundlagen/Theoretische_Grundlagen.tex
LaTeX Font Info:    Font shape `T1/ptm/bx/n' in size <12> not available
(Font)              Font shape `T1/ptm/b/n' tried instead on input line 5.

Underfull \hbox (badness 10000) in paragraph at lines 6--7

 []


Underfull \hbox (badness 10000) in paragraph at lines 16--17

 []


Package Fancyhdr Warning: \headheight is too small (12.0pt): 
 Make it at least 13.59999pt.
 We now make it that large for the rest of the document.
 This may cause the page layout to be inconsistent, however.

[3


]
Underfull \hbox (badness 10000) in paragraph at lines 31--32

 []

<Theoretische_Grundlagen/2_Knote_Element.jpg, id=57, 1153.30875pt x 583.68062pt
>
File: Theoretische_Grundlagen/2_Knote_Element.jpg Graphic file (type jpg)
<use Theoretische_Grundlagen/2_Knote_Element.jpg>
Package pdftex.def Info: Theoretische_Grundlagen/2_Knote_Element.jpg  used on i
nput line 35.
(pdftex.def)             Requested size: 312.66458pt x 147.20229pt.

Package Fancyhdr Warning: \headheight is too small (12.0pt): 
 Make it at least 13.59999pt.
 We now make it that large for the rest of the document.
 This may cause the page layout to be inconsistent, however.

[4 <./Theoretische_Grundlagen/2_Knote_Element.jpg>]
Overfull \hbox (6.0914pt too wide) in paragraph at lines 75--76
\T1/ptm/m/n/10.95 ten-kraft-vek-tor. So-wohl $[]$ und $[]$ be-sit-zen die Ord-n
ung $\OML/ztmcm/m/it/10.95 n$\T1/ptm/m/n/10.95 . $\OT1/ptm/b/n/10.95 M$ \T1/ptm
/m/n/10.95 , $\OT1/ptm/b/n/10.95 D$ \T1/ptm/m/n/10.95 und $\OT1/ptm/b/n/10.95 K
$ \T1/ptm/m/n/10.95 sind die Massen-, Dmpfungs-
 []


Underfull \hbox (badness 10000) in paragraph at lines 75--76

 []


Underfull \hbox (badness 10000) in paragraph at lines 91--92

 []


Underfull \hbox (badness 10000) in paragraph at lines 93--94

 []


Package Fancyhdr Warning: \headheight is too small (12.0pt): 
 Make it at least 13.59999pt.
 We now make it that large for the rest of the document.
 This may cause the page layout to be inconsistent, however.

[5]
Underfull \hbox (badness 10000) in paragraph at lines 119--120

 []


Underfull \hbox (badness 10000) in paragraph at lines 144--145

 []


Package Fancyhdr Warning: \headheight is too small (12.0pt): 
 Make it at least 13.59999pt.
 We now make it that large for the rest of the document.
 This may cause the page layout to be inconsistent, however.

[6]
Overfull \hbox (6.68396pt too wide) in paragraph at lines 152--153
[]\T1/ptm/m/n/10.95 Das Hamilton-Prinzip bie-tet die Mg-lich-keit, die Be-we-g
ung phy-si-ka-li-scher Sys-te-me aus-zu-drcken.
 []


Underfull \hbox (badness 10000) in paragraph at lines 152--153

 []

)

Package Fancyhdr Warning: \headheight is too small (12.0pt): 
 Make it at least 13.59999pt.
 We now make it that large for the rest of the document.
 This may cause the page layout to be inconsistent, however.

[7]
\openout2 = `emptypage.aux'.

 (./emptypage.tex
Underfull \hbox (badness 10000) in paragraph at lines 4--5

 []

[8


])
\openout2 = `Berechnungsmodell/Berechnungsmodell.aux'.

 (./Berechnungsmodell/Berechnungsmodell.tex
<Berechnungsmodell/Ekin_Rotation.jpg, id=79, 526.96875pt x 865.73438pt>
File: Berechnungsmodell/Ekin_Rotation.jpg Graphic file (type jpg)
<use Berechnungsmodell/Ekin_Rotation.jpg>
Package pdftex.def Info: Berechnungsmodell/Ekin_Rotation.jpg  used on input lin
e 27.
(pdftex.def)             Requested size: 190.12672pt x 288.01819pt.


Package Fancyhdr Warning: \headheight is too small (12.0pt): 
 Make it at least 13.59999pt.
 We now make it that large for the rest of the document.
 This may cause the page layout to be inconsistent, however.

[9


 <./Berechnungsmodell/Ekin_Rotation.jpg>]

Package Fancyhdr Warning: \headheight is too small (12.0pt): 
 Make it at least 13.59999pt.
 We now make it that large for the rest of the document.
 This may cause the page layout to be inconsistent, however.

[10]

Package Fancyhdr Warning: \headheight is too small (12.0pt): 
 Make it at least 13.59999pt.
 We now make it that large for the rest of the document.
 This may cause the page layout to be inconsistent, however.

[11]
Overfull \hbox (5.06339pt too wide) detected at line 223
[][]
 []


Package Fancyhdr Warning: \headheight is too small (12.0pt): 
 Make it at least 13.59999pt.
 We now make it that large for the rest of the document.
 This may cause the page layout to be inconsistent, however.

[12]

Package Fancyhdr Warning: \headheight is too small (12.0pt): 
 Make it at least 13.59999pt.
 We now make it that large for the rest of the document.
 This may cause the page layout to be inconsistent, however.

[13]

Package Fancyhdr Warning: \headheight is too small (12.0pt): 
 Make it at least 13.59999pt.
 We now make it that large for the rest of the document.
 This may cause the page layout to be inconsistent, however.

[14]
Underfull \hbox (badness 10000) in paragraph at lines 393--395

 []

)

Package Fancyhdr Warning: \headheight is too small (12.0pt): 
 Make it at least 13.59999pt.
 We now make it that large for the rest of the document.
 This may cause the page layout to be inconsistent, however.

[15]
\openout2 = `emptypage.aux'.

 (./emptypage.tex
Underfull \hbox (badness 10000) in paragraph at lines 4--5

 []

[16


])
\openout2 = `Experimentelle_Untersuchungen/Experimentelle_Untersuchungen.aux'.

 (./Experimentelle_Untersuchungen/Experimentelle_Untersuchungen.tex
Underfull \hbox (badness 10000) in paragraph at lines 25--26

 []


Package Fancyhdr Warning: \headheight is too small (12.0pt): 
 Make it at least 13.59999pt.
 We now make it that large for the rest of the document.
 This may cause the page layout to be inconsistent, however.

[17


]
<Experimentelle_Untersuchungen/Zusammenhang_Omega_F.jpg, id=108, 1062.97125pt x
 546.54187pt>
File: Experimentelle_Untersuchungen/Zusammenhang_Omega_F.jpg Graphic file (type
 jpg)
<use Experimentelle_Untersuchungen/Zusammenhang_Omega_F.jpg>
Package pdftex.def Info: Experimentelle_Untersuchungen/Zusammenhang_Omega_F.jpg
  used on input line 64.
(pdftex.def)             Requested size: 359.1347pt x 179.20851pt.
<Experimentelle_Untersuchungen/Schaft_10x8.jpg, id=109, 1280.785pt x 436.63126p
t>
File: Experimentelle_Untersuchungen/Schaft_10x8.jpg Graphic file (type jpg)
<use Experimentelle_Untersuchungen/Schaft_10x8.jpg>
Package pdftex.def Info: Experimentelle_Untersuchungen/Schaft_10x8.jpg  used on
 input line 95.
(pdftex.def)             Requested size: 380.25165pt x 160.01201pt.


Package Fancyhdr Warning: \headheight is too small (12.0pt): 
 Make it at least 13.59999pt.
 We now make it that large for the rest of the document.
 This may cause the page layout to be inconsistent, however.

[18 <./Experimentelle_Untersuchungen/Zusammenhang_Omega_F.jpg>]
Underfull \hbox (badness 10000) in paragraph at lines 100--101

 []

<Experimentelle_Untersuchungen/10x8_Lagerung_Stopfen.jpg, id=113, 1092.08pt x 6
27.84563pt>
File: Experimentelle_Untersuchungen/10x8_Lagerung_Stopfen.jpg Graphic file (typ
e jpg)
<use Experimentelle_Untersuchungen/10x8_Lagerung_Stopfen.jpg>
Package pdftex.def Info: Experimentelle_Untersuchungen/10x8_Lagerung_Stopfen.jp
g  used on input line 111.
(pdftex.def)             Requested size: 211.2467pt x 147.19885pt.
<Experimentelle_Untersuchungen/10x8_Schraube_Stopfen.jpg, id=114, 687.06688pt x
 548.54938pt>
File: Experimentelle_Untersuchungen/10x8_Schraube_Stopfen.jpg Graphic file (typ
e jpg)
<use Experimentelle_Untersuchungen/10x8_Schraube_Stopfen.jpg>
Package pdftex.def Info: Experimentelle_Untersuchungen/10x8_Schraube_Stopfen.jp
g  used on input line 116.
(pdftex.def)             Requested size: 190.1234pt x 147.20633pt.
<Experimentelle_Untersuchungen/Schaft_10x8_Baugruppe.jpg, id=115, 962.59625pt x
 578.16pt>
File: Experimentelle_Untersuchungen/Schaft_10x8_Baugruppe.jpg Graphic file (typ
e jpg)
<use Experimentelle_Untersuchungen/Schaft_10x8_Baugruppe.jpg>
Package pdftex.def Info: Experimentelle_Untersuchungen/Schaft_10x8_Baugruppe.jp
g  used on input line 127.
(pdftex.def)             Requested size: 359.12201pt x 224.01703pt.

Underfull \vbox (badness 10000) has occurred while \output is active []



Package Fancyhdr Warning: \headheight is too small (12.0pt): 
 Make it at least 13.59999pt.
 We now make it that large for the rest of the document.
 This may cause the page layout to be inconsistent, however.

[19 <./Experimentelle_Untersuchungen/Schaft_10x8.jpg> <./Experimentelle_Untersu
chungen/10x8_Lagerung_Stopfen.jpg> <./Experimentelle_Untersuchungen/10x8_Schrau
be_Stopfen.jpg>]
<Experimentelle_Untersuchungen/Aufbau_Versuchsstand_01.png, id=120, 1084.05pt x
 813.0375pt>
File: Experimentelle_Untersuchungen/Aufbau_Versuchsstand_01.png Graphic file (t
ype png)
<use Experimentelle_Untersuchungen/Aufbau_Versuchsstand_01.png>
Package pdftex.def Info: Experimentelle_Untersuchungen/Aufbau_Versuchsstand_01.
png  used on input line 151.
(pdftex.def)             Requested size: 202.79572pt x 160.01178pt.
<Experimentelle_Untersuchungen/Aufbau_Versuchsstand_02.png, id=121, 1084.05pt x
 813.0375pt>
File: Experimentelle_Untersuchungen/Aufbau_Versuchsstand_02.png Graphic file (t
ype png)
<use Experimentelle_Untersuchungen/Aufbau_Versuchsstand_02.png>
Package pdftex.def Info: Experimentelle_Untersuchungen/Aufbau_Versuchsstand_02.
png  used on input line 152.
(pdftex.def)             Requested size: 202.79572pt x 160.01178pt.

Underfull \vbox (badness 4608) has occurred while \output is active []



Package Fancyhdr Warning: \headheight is too small (12.0pt): 
 Make it at least 13.59999pt.
 We now make it that large for the rest of the document.
 This may cause the page layout to be inconsistent, however.

[20 <./Experimentelle_Untersuchungen/Schaft_10x8_Baugruppe.jpg>]
<Experimentelle_Untersuchungen/Schaft_10x8_0N_parallel_Messung.png, id=125, 144
4.64719pt x 873.2625pt>
File: Experimentelle_Untersuchungen/Schaft_10x8_0N_parallel_Messung.png Graphic
 file (type png)
<use Experimentelle_Untersuchungen/Schaft_10x8_0N_parallel_Messung.png>
Package pdftex.def Info: Experimentelle_Untersuchungen/Schaft_10x8_0N_parallel_
Messung.png  used on input line 164.
(pdftex.def)             Requested size: 405.60063pt x 268.81644pt.


Package Fancyhdr Warning: \headheight is too small (12.0pt): 
 Make it at least 13.59999pt.
 We now make it that large for the rest of the document.
 This may cause the page layout to be inconsistent, however.

[21 <./Experimentelle_Untersuchungen/Aufbau_Versuchsstand_01.png> <./Experiment
elle_Untersuchungen/Aufbau_Versuchsstand_02.png> <./Experimentelle_Untersuchung
en/Schaft_10x8_0N_parallel_Messung.png>]
<Experimentelle_Untersuchungen/Schaft_10x8_0N_parallel_Ergebnisse.png, id=129, 
1444.64719pt x 850.67813pt>
File: Experimentelle_Untersuchungen/Schaft_10x8_0N_parallel_Ergebnisse.png Grap
hic file (type png)
<use Experimentelle_Untersuchungen/Schaft_10x8_0N_parallel_Ergebnisse.png>
Package pdftex.def Info: Experimentelle_Untersuchungen/Schaft_10x8_0N_parallel_
Ergebnisse.png  used on input line 182.
(pdftex.def)             Requested size: 409.833pt x 268.82173pt.

Underfull \hbox (badness 10000) in paragraph at lines 192--193

 []


Package Fancyhdr Warning: \headheight is too small (12.0pt): 
 Make it at least 13.59999pt.
 We now make it that large for the rest of the document.
 This may cause the page layout to be inconsistent, however.

[22 <./Experimentelle_Untersuchungen/Schaft_10x8_0N_parallel_Ergebnisse.png>]
Underfull \hbox (badness 10000) in paragraph at lines 194--195

 []


Overfull \hbox (12.80447pt too wide) in paragraph at lines 196--197
\T1/ptm/m/n/10.95 Durch das Ex-por-tie-ren der Mes-s-er-geb-nis-se in die Soft-
wa-re Modalanalyse-Software \T1/ptm/m/sc/10.95 ME'scopeVES
 []

)

Package Fancyhdr Warning: \headheight is too small (12.0pt): 
 Make it at least 13.59999pt.
 We now make it that large for the rest of the document.
 This may cause the page layout to be inconsistent, however.

[23]
\openout2 = `emptypage.aux'.

 (./emptypage.tex
Underfull \hbox (badness 10000) in paragraph at lines 4--5

 []

[24


])
\openout2 = `Ergebnisse/Ergebnisse.aux'.

 (./Ergebnisse/Ergebnisse.tex
LaTeX Font Info:    Font shape `OT1/ptm/bx/n' in size <12> not available
(Font)              Font shape `OT1/ptm/b/n' tried instead on input line 3.
LaTeX Font Info:    Font shape `OT1/ptm/bx/n' in size <9> not available
(Font)              Font shape `OT1/ptm/b/n' tried instead on input line 3.
LaTeX Font Info:    Font shape `OT1/ptm/bx/n' in size <7> not available
(Font)              Font shape `OT1/ptm/b/n' tried instead on input line 3.

Underfull \hbox (badness 10000) in paragraph at lines 4--5

 []


Underfull \hbox (badness 10000) in paragraph at lines 6--7

 []


Underfull \hbox (badness 10000) in paragraph at lines 8--9

 []

<Ergebnisse/Schaft_10x8_1Mode_Simu.png, id=139, 854.19125pt x 474.77374pt>
File: Ergebnisse/Schaft_10x8_1Mode_Simu.png Graphic file (type png)
<use Ergebnisse/Schaft_10x8_1Mode_Simu.png>
Package pdftex.def Info: Ergebnisse/Schaft_10x8_1Mode_Simu.png  used on input l
ine 14.
(pdftex.def)             Requested size: 401.37871pt x 224.02026pt.
<Ergebnisse/Schaft_10x8_2Mode_Simu.png, id=141, 854.19125pt x 474.77374pt>
File: Ergebnisse/Schaft_10x8_2Mode_Simu.png Graphic file (type png)
<use Ergebnisse/Schaft_10x8_2Mode_Simu.png>
Package pdftex.def Info: Ergebnisse/Schaft_10x8_2Mode_Simu.png  used on input l
ine 21.
(pdftex.def)             Requested size: 401.37871pt x 230.41711pt.

Package Fancyhdr Warning: \headheight is too small (12.0pt): 
 Make it at least 13.59999pt.
 We now make it that large for the rest of the document.
 This may cause the page layout to be inconsistent, however.

[25


 <./Ergebnisse/Schaft_10x8_1Mode_Simu.png>]
<Ergebnisse/Schaft_10x8_1Mode_Simu_ruhend.png, id=147, 854.19125pt x 474.77374p
t>
File: Ergebnisse/Schaft_10x8_1Mode_Simu_ruhend.png Graphic file (type png)
<use Ergebnisse/Schaft_10x8_1Mode_Simu_ruhend.png>
Package pdftex.def Info: Ergebnisse/Schaft_10x8_1Mode_Simu_ruhend.png  used on 
input line 28.
(pdftex.def)             Requested size: 401.37871pt x 230.41711pt.
<Ergebnisse/Schaft_10x8_2Mode_Simu_ruhend.png, id=148, 854.19125pt x 474.77374p
t>
File: Ergebnisse/Schaft_10x8_2Mode_Simu_ruhend.png Graphic file (type png)
<use Ergebnisse/Schaft_10x8_2Mode_Simu_ruhend.png>
Package pdftex.def Info: Ergebnisse/Schaft_10x8_2Mode_Simu_ruhend.png  used on 
input line 35.
(pdftex.def)             Requested size: 401.37871pt x 230.41711pt.

Underfull \vbox (badness 10000) has occurred while \output is active []



Package Fancyhdr Warning: \headheight is too small (12.0pt): 
 Make it at least 13.59999pt.
 We now make it that large for the rest of the document.
 This may cause the page layout to be inconsistent, however.

[26 <./Ergebnisse/Schaft_10x8_2Mode_Simu.png> <./Ergebnisse/Schaft_10x8_1Mode_S
imu_ruhend.png>]
<Ergebnisse/Schaft_10x8_Biegung_Simu.png, id=154, 949.04562pt x 569.62813pt>
File: Ergebnisse/Schaft_10x8_Biegung_Simu.png Graphic file (type png)
<use Ergebnisse/Schaft_10x8_Biegung_Simu.png>
Package pdftex.def Info: Ergebnisse/Schaft_10x8_Biegung_Simu.png  used on input
 line 42.
(pdftex.def)             Requested size: 401.37685pt x 256.00868pt.
<Ergebnisse/Schaft_10x8_Zugkraft_Simu.png, id=155, 854.69313pt x 474.77374pt>
File: Ergebnisse/Schaft_10x8_Zugkraft_Simu.png Graphic file (type png)
<use Ergebnisse/Schaft_10x8_Zugkraft_Simu.png>
Package pdftex.def Info: Ergebnisse/Schaft_10x8_Zugkraft_Simu.png  used on inpu
t line 50.
(pdftex.def)             Requested size: 392.92886pt x 211.21931pt.

Underfull \vbox (badness 10000) has occurred while \output is active []



Package Fancyhdr Warning: \headheight is too small (12.0pt): 
 Make it at least 13.59999pt.
 We now make it that large for the rest of the document.
 This may cause the page layout to be inconsistent, however.

[27 <./Ergebnisse/Schaft_10x8_2Mode_Simu_ruhend.png> <./Ergebnisse/Schaft_10x8_
Biegung_Simu.png>]
<Ergebnisse/Schaft_10x8_1Mode_ver1.png, id=161, 854.19125pt x 475.27562pt>
File: Ergebnisse/Schaft_10x8_1Mode_ver1.png Graphic file (type png)
<use Ergebnisse/Schaft_10x8_1Mode_ver1.png>
Package pdftex.def Info: Ergebnisse/Schaft_10x8_1Mode_ver1.png  used on input l
ine 59.
(pdftex.def)             Requested size: 392.91971pt x 211.21777pt.
<Ergebnisse/Schaft_10x8_1Mode_ver2.png, id=162, 854.19125pt x 474.77374pt>
File: Ergebnisse/Schaft_10x8_1Mode_ver2.png Graphic file (type png)
<use Ergebnisse/Schaft_10x8_1Mode_ver2.png>
Package pdftex.def Info: Ergebnisse/Schaft_10x8_1Mode_ver2.png  used on input l
ine 66.
(pdftex.def)             Requested size: 401.37871pt x 230.41711pt.

Underfull \vbox (badness 3229) has occurred while \output is active []



Package Fancyhdr Warning: \headheight is too small (12.0pt): 
 Make it at least 13.59999pt.
 We now make it that large for the rest of the document.
 This may cause the page layout to be inconsistent, however.

[28 <./Ergebnisse/Schaft_10x8_Zugkraft_Simu.png> <./Ergebnisse/Schaft_10x8_1Mod
e_ver1.png>]
<Ergebnisse/Schaft_10x8_1Mode_ver3.png, id=168, 854.19125pt x 474.77374pt>
File: Ergebnisse/Schaft_10x8_1Mode_ver3.png Graphic file (type png)
<use Ergebnisse/Schaft_10x8_1Mode_ver3.png>
Package pdftex.def Info: Ergebnisse/Schaft_10x8_1Mode_ver3.png  used on input l
ine 73.
(pdftex.def)             Requested size: 401.37871pt x 230.41711pt.
<Ergebnisse/Schaft_10x8_2Mode_ver1.png, id=169, 854.19125pt x 474.77374pt>
File: Ergebnisse/Schaft_10x8_2Mode_ver1.png Graphic file (type png)
<use Ergebnisse/Schaft_10x8_2Mode_ver1.png>
Package pdftex.def Info: Ergebnisse/Schaft_10x8_2Mode_ver1.png  used on input l
ine 80.
(pdftex.def)             Requested size: 401.37871pt x 230.41711pt.

Underfull \vbox (badness 10000) has occurred while \output is active []



Package Fancyhdr Warning: \headheight is too small (12.0pt): 
 Make it at least 13.59999pt.
 We now make it that large for the rest of the document.
 This may cause the page layout to be inconsistent, however.

[29 <./Ergebnisse/Schaft_10x8_1Mode_ver2.png> <./Ergebnisse/Schaft_10x8_1Mode_v
er3.png>]
<Ergebnisse/Schaft_10x8_2Mode_ver2.png, id=175, 854.19125pt x 475.27562pt>
File: Ergebnisse/Schaft_10x8_2Mode_ver2.png Graphic file (type png)
<use Ergebnisse/Schaft_10x8_2Mode_ver2.png>
Package pdftex.def Info: Ergebnisse/Schaft_10x8_2Mode_ver2.png  used on input l
ine 87.
(pdftex.def)             Requested size: 401.37871pt x 230.42137pt.
<Ergebnisse/Schaft_10x8_2Mode_ver3.png, id=176, 854.19125pt x 474.77374pt>
File: Ergebnisse/Schaft_10x8_2Mode_ver3.png Graphic file (type png)
<use Ergebnisse/Schaft_10x8_2Mode_ver3.png>
Package pdftex.def Info: Ergebnisse/Schaft_10x8_2Mode_ver3.png  used on input l
ine 94.
(pdftex.def)             Requested size: 401.37871pt x 230.41711pt.

Underfull \vbox (badness 10000) has occurred while \output is active []



Package Fancyhdr Warning: \headheight is too small (12.0pt): 
 Make it at least 13.59999pt.
 We now make it that large for the rest of the document.
 This may cause the page layout to be inconsistent, however.

[30 <./Ergebnisse/Schaft_10x8_2Mode_ver1.png> <./Ergebnisse/Schaft_10x8_2Mode_v
er2.png>]
Underfull \hbox (badness 10000) in paragraph at lines 103--104

 []


Underfull \hbox (badness 10000) in paragraph at lines 105--106

 []

<Ergebnisse/Schaft_10x9_1Mode_Simu.png, id=182, 854.19125pt x 474.77374pt>
File: Ergebnisse/Schaft_10x9_1Mode_Simu.png Graphic file (type png)
<use Ergebnisse/Schaft_10x9_1Mode_Simu.png>
Package pdftex.def Info: Ergebnisse/Schaft_10x9_1Mode_Simu.png  used on input l
ine 109.
(pdftex.def)             Requested size: 401.37871pt x 230.41711pt.

Package Fancyhdr Warning: \headheight is too small (12.0pt): 
 Make it at least 13.59999pt.
 We now make it that large for the rest of the document.
 This may cause the page layout to be inconsistent, however.

[31 <./Ergebnisse/Schaft_10x8_2Mode_ver3.png>]
<Ergebnisse/Schaft_10x9_2Mode_Simu.png, id=188, 854.19125pt x 475.27562pt>
File: Ergebnisse/Schaft_10x9_2Mode_Simu.png Graphic file (type png)
<use Ergebnisse/Schaft_10x9_2Mode_Simu.png>
Package pdftex.def Info: Ergebnisse/Schaft_10x9_2Mode_Simu.png  used on input l
ine 116.
(pdftex.def)             Requested size: 401.37871pt x 230.42137pt.
<Ergebnisse/Schaft_10x9_1Mode_Simu_ruhend.png, id=189, 854.19125pt x 474.77374p
t>
File: Ergebnisse/Schaft_10x9_1Mode_Simu_ruhend.png Graphic file (type png)
<use Ergebnisse/Schaft_10x9_1Mode_Simu_ruhend.png>
Package pdftex.def Info: Ergebnisse/Schaft_10x9_1Mode_Simu_ruhend.png  used on 
input line 123.
(pdftex.def)             Requested size: 401.37871pt x 230.41711pt.

Underfull \vbox (badness 5726) has occurred while \output is active []



Package Fancyhdr Warning: \headheight is too small (12.0pt): 
 Make it at least 13.59999pt.
 We now make it that large for the rest of the document.
 This may cause the page layout to be inconsistent, however.

[32 <./Ergebnisse/Schaft_10x9_1Mode_Simu.png> <./Ergebnisse/Schaft_10x9_2Mode_S
imu.png>]
<Ergebnisse/Schaft_10x9_2Mode_Simu_ruhend.png, id=195, 854.19125pt x 474.77374p
t>
File: Ergebnisse/Schaft_10x9_2Mode_Simu_ruhend.png Graphic file (type png)
<use Ergebnisse/Schaft_10x9_2Mode_Simu_ruhend.png>
Package pdftex.def Info: Ergebnisse/Schaft_10x9_2Mode_Simu_ruhend.png  used on 
input line 130.
(pdftex.def)             Requested size: 401.37871pt x 230.41711pt.
<Ergebnisse/Schaft_10x9_Biegung_Simu.png, id=196, 949.5475pt x 570.13pt>
File: Ergebnisse/Schaft_10x9_Biegung_Simu.png Graphic file (type png)
<use Ergebnisse/Schaft_10x9_Biegung_Simu.png>
Package pdftex.def Info: Ergebnisse/Schaft_10x9_Biegung_Simu.png  used on input
 line 137.
(pdftex.def)             Requested size: 401.38626pt x 256.00806pt.

Underfull \vbox (badness 10000) has occurred while \output is active []



Package Fancyhdr Warning: \headheight is too small (12.0pt): 
 Make it at least 13.59999pt.
 We now make it that large for the rest of the document.
 This may cause the page layout to be inconsistent, however.

[33 <./Ergebnisse/Schaft_10x9_1Mode_Simu_ruhend.png> <./Ergebnisse/Schaft_10x9_
2Mode_Simu_ruhend.png>]
<Ergebnisse/Schaft_10x9_Zugkraft_Simu.png, id=202, 854.19125pt x 474.77374pt>
File: Ergebnisse/Schaft_10x9_Zugkraft_Simu.png Graphic file (type png)
<use Ergebnisse/Schaft_10x9_Zugkraft_Simu.png>
Package pdftex.def Info: Ergebnisse/Schaft_10x9_Zugkraft_Simu.png  used on inpu
t line 145.
(pdftex.def)             Requested size: 401.37871pt x 243.21806pt.
<Ergebnisse/Schaft_10x9_1Mode_ver1.png, id=203, 854.19125pt x 474.77374pt>
File: Ergebnisse/Schaft_10x9_1Mode_ver1.png Graphic file (type png)
<use Ergebnisse/Schaft_10x9_1Mode_ver1.png>
Package pdftex.def Info: Ergebnisse/Schaft_10x9_1Mode_ver1.png  used on input l
ine 154.
(pdftex.def)             Requested size: 401.37871pt x 230.41711pt.

Underfull \vbox (badness 1043) has occurred while \output is active []



Package Fancyhdr Warning: \headheight is too small (12.0pt): 
 Make it at least 13.59999pt.
 We now make it that large for the rest of the document.
 This may cause the page layout to be inconsistent, however.

[34 <./Ergebnisse/Schaft_10x9_Biegung_Simu.png> <./Ergebnisse/Schaft_10x9_Zugkr
aft_Simu.png>]
<Ergebnisse/Schaft_10x9_1Mode_ver2.png, id=209, 854.19125pt x 474.77374pt>
File: Ergebnisse/Schaft_10x9_1Mode_ver2.png Graphic file (type png)
<use Ergebnisse/Schaft_10x9_1Mode_ver2.png>
Package pdftex.def Info: Ergebnisse/Schaft_10x9_1Mode_ver2.png  used on input l
ine 161.
(pdftex.def)             Requested size: 401.37871pt x 230.41711pt.
<Ergebnisse/Schaft_10x9_2Mode_ver1.png, id=210, 854.19125pt x 474.77374pt>
File: Ergebnisse/Schaft_10x9_2Mode_ver1.png Graphic file (type png)
<use Ergebnisse/Schaft_10x9_2Mode_ver1.png>
Package pdftex.def Info: Ergebnisse/Schaft_10x9_2Mode_ver1.png  used on input l
ine 168.
(pdftex.def)             Requested size: 401.37871pt x 230.41711pt.

Underfull \vbox (badness 10000) has occurred while \output is active []



Package Fancyhdr Warning: \headheight is too small (12.0pt): 
 Make it at least 13.59999pt.
 We now make it that large for the rest of the document.
 This may cause the page layout to be inconsistent, however.

[35 <./Ergebnisse/Schaft_10x9_1Mode_ver1.png> <./Ergebnisse/Schaft_10x9_1Mode_v
er2.png>]
<Ergebnisse/Schaft_10x9_2Mode_ver2.png, id=216, 854.19125pt x 474.77374pt>
File: Ergebnisse/Schaft_10x9_2Mode_ver2.png Graphic file (type png)
<use Ergebnisse/Schaft_10x9_2Mode_ver2.png>
Package pdftex.def Info: Ergebnisse/Schaft_10x9_2Mode_ver2.png  used on input l
ine 175.
(pdftex.def)             Requested size: 401.37871pt x 230.41711pt.


Package Fancyhdr Warning: \headheight is too small (12.0pt): 
 Make it at least 13.59999pt.
 We now make it that large for the rest of the document.
 This may cause the page layout to be inconsistent, however.

[36 <./Ergebnisse/Schaft_10x9_2Mode_ver1.png> <./Ergebnisse/Schaft_10x9_2Mode_v
er2.png>])

Package Fancyhdr Warning: \headheight is too small (12.0pt): 
 Make it at least 13.59999pt.
 We now make it that large for the rest of the document.
 This may cause the page layout to be inconsistent, however.

[37]
\openout2 = `emptypage.aux'.

 (./emptypage.tex
Underfull \hbox (badness 10000) in paragraph at lines 4--5

 []

[38


])
\openout2 = `Zusammenfassung/Zusammenfassung.aux'.

 (./Zusammenfassung/Zusammenfassung.tex
Underfull \hbox (badness 10000) in paragraph at lines 3--4

 []


Underfull \hbox (badness 10000) in paragraph at lines 5--6

 []


Underfull \hbox (badness 10000) in paragraph at lines 7--8

 []

)

Package Fancyhdr Warning: \headheight is too small (12.0pt): 
 Make it at least 13.59999pt.
 We now make it that large for the rest of the document.
 This may cause the page layout to be inconsistent, however.

[39


]
\openout2 = `emptypage.aux'.

 (./emptypage.tex
Underfull \hbox (badness 10000) in paragraph at lines 4--5

 []

[40


])
\openout2 = `Verzeichnis/Verzeichnis.aux'.

 (./Verzeichnis/Verzeichnis.tex (./Masterarbeit.bbl)
Underfull \vbox (badness 1946) has occurred while \output is active []



Package Fancyhdr Warning: \headheight is too small (12.0pt): 
 Make it at least 13.59999pt.
 We now make it that large for the rest of the document.
 This may cause the page layout to be inconsistent, however.

[41


]
Underfull \vbox (badness 1014) has occurred while \output is active []



Package Fancyhdr Warning: \headheight is too small (12.0pt): 
 Make it at least 13.59999pt.
 We now make it that large for the rest of the document.
 This may cause the page layout to be inconsistent, however.

[42]

Package Fancyhdr Warning: \headheight is too small (12.0pt): 
 Make it at least 13.59999pt.
 We now make it that large for the rest of the document.
 This may cause the page layout to be inconsistent, however.

[43] (./Masterarbeit.lof
Overfull \hbox (7.94637pt too wide) in paragraph at lines 15--15
 \T1/ptm/m/n/10.95 tts-feh-ler von $\OML/ztmcm/m/it/10.95 e \OT1/ztmcm/m/n/10.
95 = 0\OML/ztmcm/m/it/10.95 ; \OT1/ztmcm/m/n/10.95 001 []$\T1/ptm/m/n/10.95 . B
e-rech-nungs-pa-ra-me-ter: Schaft $\OT1/ztmcm/m/n/10.95 10 \OMS/ztmcm/m/n/10.95
 ^^B \OT1/ztmcm/m/n/10.95 8$\T1/ptm/m/n/10.95 , $\OML/ztmcm/m/it/10.95 ^^Z \OT1
/ztmcm/m/n/10.95 = 7800 []\OML/ztmcm/m/it/10.95 =[][]$\T1/ptm/m/n/10.95 , 
 []


Package Fancyhdr Warning: \headheight is too small (12.0pt): 
 Make it at least 13.59999pt.
 We now make it that large for the rest of the document.
 This may cause the page layout to be inconsistent, however.

[44]
Overfull \hbox (7.94637pt too wide) in paragraph at lines 27--27
 \T1/ptm/m/n/10.95 tts-feh-ler von $\OML/ztmcm/m/it/10.95 e \OT1/ztmcm/m/n/10.
95 = 0\OML/ztmcm/m/it/10.95 ; \OT1/ztmcm/m/n/10.95 001 []$\T1/ptm/m/n/10.95 . B
e-rech-nungs-pa-ra-me-ter: Schaft $\OT1/ztmcm/m/n/10.95 10 \OMS/ztmcm/m/n/10.95
 ^^B \OT1/ztmcm/m/n/10.95 9$\T1/ptm/m/n/10.95 , $\OML/ztmcm/m/it/10.95 ^^Z \OT1
/ztmcm/m/n/10.95 = 7800 []\OML/ztmcm/m/it/10.95 =[][]$\T1/ptm/m/n/10.95 , 
 []

)
\tf@lof=\write5
\openout5 = `Masterarbeit.lof'.



Package Fancyhdr Warning: \headheight is too small (12.0pt): 
 Make it at least 13.59999pt.
 We now make it that large for the rest of the document.
 This may cause the page layout to be inconsistent, however.

[45] (./Masterarbeit.lot)
\tf@lot=\write6
\openout6 = `Masterarbeit.lot'.

)

Package Fancyhdr Warning: \headheight is too small (12.0pt): 
 Make it at least 13.59999pt.
 We now make it that large for the rest of the document.
 This may cause the page layout to be inconsistent, however.

[46]
\openout2 = `Anhang/Anhang_A.aux'.

 (./Anhang/Anhang_A.tex

Package Fancyhdr Warning: \headheight is too small (12.0pt): 
 Make it at least 13.59999pt.
 We now make it that large for the rest of the document.
 This may cause the page layout to be inconsistent, however.

[1


]
Underfull \vbox (badness 10000) has occurred while \output is active []



Package Fancyhdr Warning: \headheight is too small (12.0pt): 
 Make it at least 13.59999pt.
 We now make it that large for the rest of the document.
 This may cause the page layout to be inconsistent, however.

[2]
Underfull \vbox (badness 10000) has occurred while \output is active []



Package Fancyhdr Warning: \headheight is too small (12.0pt): 
 Make it at least 13.59999pt.
 We now make it that large for the rest of the document.
 This may cause the page layout to be inconsistent, however.

[3]
Underfull \vbox (badness 10000) has occurred while \output is active []



Package Fancyhdr Warning: \headheight is too small (12.0pt): 
 Make it at least 13.59999pt.
 We now make it that large for the rest of the document.
 This may cause the page layout to be inconsistent, however.

[4]

Package Fancyhdr Warning: \headheight is too small (12.0pt): 
 Make it at least 13.59999pt.
 We now make it that large for the rest of the document.
 This may cause the page layout to be inconsistent, however.

[5]
Underfull \vbox (badness 10000) has occurred while \output is active []



Package Fancyhdr Warning: \headheight is too small (12.0pt): 
 Make it at least 13.59999pt.
 We now make it that large for the rest of the document.
 This may cause the page layout to be inconsistent, however.

[6]
Underfull \vbox (badness 10000) has occurred while \output is active []



Package Fancyhdr Warning: \headheight is too small (12.0pt): 
 Make it at least 13.59999pt.
 We now make it that large for the rest of the document.
 This may cause the page layout to be inconsistent, however.

[7]
Underfull \vbox (badness 10000) has occurred while \output is active []



Package Fancyhdr Warning: \headheight is too small (12.0pt): 
 Make it at least 13.59999pt.
 We now make it that large for the rest of the document.
 This may cause the page layout to be inconsistent, however.

[8])

Package Fancyhdr Warning: \headheight is too small (12.0pt): 
 Make it at least 13.59999pt.
 We now make it that large for the rest of the document.
 This may cause the page layout to be inconsistent, however.

[9]
\openout2 = `emptypage.aux'.

 (./emptypage.tex
Underfull \hbox (badness 10000) in paragraph at lines 4--5

 []

[10


])
\openout2 = `Anhang/Anhang_B.aux'.

 (./Anhang/Anhang_B.tex
<Anhang/PDFs/Balken.pdf, id=287, 597.50829pt x 845.0471pt>
File: Anhang/PDFs/Balken.pdf Graphic file (type pdf)
<use Anhang/PDFs/Balken.pdf>
Package pdftex.def Info: Anhang/PDFs/Balken.pdf  used on input line 8.
(pdftex.def)             Requested size: 597.50682pt x 845.04504pt.
<Anhang/PDFs/Baugruppe_Aufnahme.pdf, id=288, 597.50829pt x 845.0471pt>
File: Anhang/PDFs/Baugruppe_Aufnahme.pdf Graphic file (type pdf)
<use Anhang/PDFs/Baugruppe_Aufnahme.pdf>
Package pdftex.def Info: Anhang/PDFs/Baugruppe_Aufnahme.pdf  used on input line
 10.
(pdftex.def)             Requested size: 597.50682pt x 845.04504pt.
<Anhang/PDFs/Baugruppe_Gegenkraft.pdf, id=289, 597.50829pt x 845.0471pt>
File: Anhang/PDFs/Baugruppe_Gegenkraft.pdf Graphic file (type pdf)
<use Anhang/PDFs/Baugruppe_Gegenkraft.pdf>
Package pdftex.def Info: Anhang/PDFs/Baugruppe_Gegenkraft.pdf  used on input li
ne 12.
(pdftex.def)             Requested size: 597.50682pt x 845.04504pt.

Underfull \vbox (badness 3930) has occurred while \output is active []



Package Fancyhdr Warning: \headheight is too small (12.0pt): 
 Make it at least 13.59999pt.
 We now make it that large for the rest of the document.
 This may cause the page layout to be inconsistent, however.

[1


 <./Anhang/PDFs/Balken.PDF, page is rotated 270 degrees> <./Anhang/PDFs/Baugrup
pe_Aufnahme.PDF, page is rotated 270 degrees>]
<Anhang/PDFs/Baugruppe_Gesamt.pdf, id=327, 597.50829pt x 845.0471pt>
File: Anhang/PDFs/Baugruppe_Gesamt.pdf Graphic file (type pdf)
<use Anhang/PDFs/Baugruppe_Gesamt.pdf>
Package pdftex.def Info: Anhang/PDFs/Baugruppe_Gesamt.pdf  used on input line 1
4.
(pdftex.def)             Requested size: 597.50682pt x 845.04504pt.
<Anhang/PDFs/Baugruppe_Schaft.pdf, id=328, 597.50829pt x 845.0471pt>
File: Anhang/PDFs/Baugruppe_Schaft.pdf Graphic file (type pdf)
<use Anhang/PDFs/Baugruppe_Schaft.pdf>
Package pdftex.def Info: Anhang/PDFs/Baugruppe_Schaft.pdf  used on input line 1
6.
(pdftex.def)             Requested size: 597.50682pt x 845.04504pt.

Underfull \vbox (badness 10000) has occurred while \output is active []



Package Fancyhdr Warning: \headheight is too small (12.0pt): 
 Make it at least 13.59999pt.
 We now make it that large for the rest of the document.
 This may cause the page layout to be inconsistent, however.

[2 <./Anhang/PDFs/Baugruppe_Gegenkraft.PDF> <./Anhang/PDFs/Baugruppe_Gesamt.PDF
>]
<Anhang/PDFs/Bodenplatte.pdf, id=366, 597.50829pt x 845.0471pt>
File: Anhang/PDFs/Bodenplatte.pdf Graphic file (type pdf)
<use Anhang/PDFs/Bodenplatte.pdf>
Package pdftex.def Info: Anhang/PDFs/Bodenplatte.pdf  used on input line 18.
(pdftex.def)             Requested size: 597.50682pt x 845.04504pt.
<Anhang/PDFs/Platte_Schlitte.pdf, id=367, 597.50829pt x 845.0471pt>
File: Anhang/PDFs/Platte_Schlitte.pdf Graphic file (type pdf)
<use Anhang/PDFs/Platte_Schlitte.pdf>
Package pdftex.def Info: Anhang/PDFs/Platte_Schlitte.pdf  used on input line 20
.
(pdftex.def)             Requested size: 597.50682pt x 845.04504pt.

Underfull \vbox (badness 10000) has occurred while \output is active []



Package Fancyhdr Warning: \headheight is too small (12.0pt): 
 Make it at least 13.59999pt.
 We now make it that large for the rest of the document.
 This may cause the page layout to be inconsistent, however.

[3 <./Anhang/PDFs/Baugruppe_Schaft.PDF, page is rotated 270 degrees> <./Anhang/
PDFs/Bodenplatte.PDF, page is rotated 270 degrees>]
<Anhang/PDFs/Platte_Schlitten.pdf, id=406, 597.50829pt x 845.0471pt>
File: Anhang/PDFs/Platte_Schlitten.pdf Graphic file (type pdf)
<use Anhang/PDFs/Platte_Schlitten.pdf>
Package pdftex.def Info: Anhang/PDFs/Platte_Schlitten.pdf  used on input line 2
2.
(pdftex.def)             Requested size: 597.50682pt x 845.04504pt.
<Anhang/PDFs/Profil.pdf, id=407, 597.50829pt x 845.0471pt>
File: Anhang/PDFs/Profil.pdf Graphic file (type pdf)
<use Anhang/PDFs/Profil.pdf>
Package pdftex.def Info: Anhang/PDFs/Profil.pdf  used on input line 24.
(pdftex.def)             Requested size: 597.50682pt x 845.04504pt.

Underfull \vbox (badness 10000) has occurred while \output is active []



Package Fancyhdr Warning: \headheight is too small (12.0pt): 
 Make it at least 13.59999pt.
 We now make it that large for the rest of the document.
 This may cause the page layout to be inconsistent, however.

[4 <./Anhang/PDFs/Platte_Schlitte.PDF, page is rotated 270 degrees> <./Anhang/P
DFs/Platte_Schlitten.PDF, page is rotated 270 degrees>]
<Anhang/PDFs/Schaft_Ra10mm_Ri8mm.pdf, id=445, 597.50829pt x 845.0471pt>
File: Anhang/PDFs/Schaft_Ra10mm_Ri8mm.pdf Graphic file (type pdf)
<use Anhang/PDFs/Schaft_Ra10mm_Ri8mm.pdf>
Package pdftex.def Info: Anhang/PDFs/Schaft_Ra10mm_Ri8mm.pdf  used on input lin
e 26.
(pdftex.def)             Requested size: 597.50682pt x 845.04504pt.
<Anhang/PDFs/Schaft_Ra10mm_Ri9mm.pdf, id=446, 597.50829pt x 845.0471pt>
File: Anhang/PDFs/Schaft_Ra10mm_Ri9mm.pdf Graphic file (type pdf)
<use Anhang/PDFs/Schaft_Ra10mm_Ri9mm.pdf>
Package pdftex.def Info: Anhang/PDFs/Schaft_Ra10mm_Ri9mm.pdf  used on input lin
e 28.
(pdftex.def)             Requested size: 597.50682pt x 845.04504pt.

Underfull \vbox (badness 10000) has occurred while \output is active []



Package Fancyhdr Warning: \headheight is too small (12.0pt): 
 Make it at least 13.59999pt.
 We now make it that large for the rest of the document.
 This may cause the page layout to be inconsistent, however.

[5 <./Anhang/PDFs/Profil.PDF, page is rotated 270 degrees> <./Anhang/PDFs/Schaf
t_Ra10mm_Ri8mm.PDF, page is rotated 270 degrees>]
<Anhang/PDFs/Stopfen_Schaft_Lagerung_Var2.pdf, id=485, 597.50829pt x 845.0471pt
>
File: Anhang/PDFs/Stopfen_Schaft_Lagerung_Var2.pdf Graphic file (type pdf)
<use Anhang/PDFs/Stopfen_Schaft_Lagerung_Var2.pdf>
Package pdftex.def Info: Anhang/PDFs/Stopfen_Schaft_Lagerung_Var2.pdf  used on 
input line 30.
(pdftex.def)             Requested size: 597.50682pt x 845.04504pt.
<Anhang/PDFs/Stopfen_Schaft_Lagerung.pdf, id=486, 597.50829pt x 845.0471pt>
File: Anhang/PDFs/Stopfen_Schaft_Lagerung.pdf Graphic file (type pdf)
<use Anhang/PDFs/Stopfen_Schaft_Lagerung.pdf>
Package pdftex.def Info: Anhang/PDFs/Stopfen_Schaft_Lagerung.pdf  used on input
 line 32.
(pdftex.def)             Requested size: 597.50682pt x 845.04504pt.

Underfull \vbox (badness 10000) has occurred while \output is active []



Package Fancyhdr Warning: \headheight is too small (12.0pt): 
 Make it at least 13.59999pt.
 We now make it that large for the rest of the document.
 This may cause the page layout to be inconsistent, however.

[6 <./Anhang/PDFs/Schaft_Ra10mm_Ri9mm.PDF, page is rotated 270 degrees> <./Anha
ng/PDFs/Stopfen_Schaft_Lagerung_Var2.PDF>]
<Anhang/PDFs/Stopfen_Schaft_Ringschraube_Var2.pdf, id=524, 597.50829pt x 845.04
71pt>
File: Anhang/PDFs/Stopfen_Schaft_Ringschraube_Var2.pdf Graphic file (type pdf)
<use Anhang/PDFs/Stopfen_Schaft_Ringschraube_Var2.pdf>
Package pdftex.def Info: Anhang/PDFs/Stopfen_Schaft_Ringschraube_Var2.pdf  used
 on input line 34.
(pdftex.def)             Requested size: 597.50682pt x 845.04504pt.
<Anhang/PDFs/Stopfen_Schaft_Ringschraube.pdf, id=525, 597.50829pt x 845.0471pt>

File: Anhang/PDFs/Stopfen_Schaft_Ringschraube.pdf Graphic file (type pdf)
<use Anhang/PDFs/Stopfen_Schaft_Ringschraube.pdf>
Package pdftex.def Info: Anhang/PDFs/Stopfen_Schaft_Ringschraube.pdf  used on i
nput line 36.
(pdftex.def)             Requested size: 597.50682pt x 845.04504pt.
)
Underfull \vbox (badness 10000) has occurred while \output is active []



Package Fancyhdr Warning: \headheight is too small (12.0pt): 
 Make it at least 13.59999pt.
 We now make it that large for the rest of the document.
 This may cause the page layout to be inconsistent, however.

[7 <./Anhang/PDFs/Stopfen_Schaft_Lagerung.PDF> <./Anhang/PDFs/Stopfen_Schaft_Ri
ngschraube_Var2.PDF>]

Package Fancyhdr Warning: \headheight is too small (12.0pt): 
 Make it at least 13.59999pt.
 We now make it that large for the rest of the document.
 This may cause the page layout to be inconsistent, however.

[8 <./Anhang/PDFs/Stopfen_Schaft_Ringschraube.PDF>] (./Masterarbeit.aux
(./Titlepage.aux) (./emptypage.aux) (./emptypage.aux) (./emptypage.aux)
(./Einleitung/Einleitung.aux) (./emptypage.aux)
(./Theoretische_Grundlagen/Theoretische_Grundlagen.aux) (./emptypage.aux)
(./Berechnungsmodell/Berechnungsmodell.aux) (./emptypage.aux)
(./Experimentelle_Untersuchungen/Experimentelle_Untersuchungen.aux)
(./emptypage.aux) (./Ergebnisse/Ergebnisse.aux) (./emptypage.aux)
(./Zusammenfassung/Zusammenfassung.aux) (./emptypage.aux)
(./Verzeichnis/Verzeichnis.aux) (./Anhang/Anhang_A.aux) (./emptypage.aux)
(./Anhang/Anhang_B.aux)) ) 
Here is how much of TeX's memory you used:
 29462 strings out of 492649
 682228 string characters out of 6133385
 1001290 words of memory out of 5000000
 32520 multiletter control sequences out of 15000+600000
 73245 words of font info for 118 fonts, out of 8000000 for 9000
 1141 hyphenation exceptions out of 8191
 62i,19n,96p,1419b,1480s stack positions out of 5000i,500n,10000p,200000b,80000s
{c:/texlive/2018/texmf-dist/fonts/enc/dvips/base/8r.e
nc}{c:/texlive/2018/texmf-dist/fonts/enc/dvips/cm-super/cm-super-t1.enc}<c:/tex
live/texmf-local/fonts/type1/bitstrea/tubaf-hausschrift/bfuk8a.pfb><c:/texlive/
texmf-local/fonts/type1/bitstrea/tubaf-hausschrift/bfum8a.pfb><c:/texlive/2018/
texmf-dist/fonts/type1/public/amsfonts/cm/cmex10.pfb><c:/texlive/2018/texmf-dis
t/fonts/type1/public/amsfonts/cm/cmmi10.pfb><c:/texlive/2018/texmf-dist/fonts/t
ype1/public/amsfonts/cm/cmr10.pfb><c:/texlive/2018/texmf-dist/fonts/type1/publi
c/amsfonts/cm/cmsy10.pfb><c:/texlive/2018/texmf-dist/fonts/type1/public/cm-supe
r/sfsx1095.pfb><c:/texlive/2018/texmf-dist/fonts/type1/urw/symbol/usyr.pfb><c:/
texlive/2018/texmf-dist/fonts/type1/urw/symbol/usyr.pfb><c:/texlive/2018/texmf-
dist/fonts/type1/urw/times/utmb8a.pfb><c:/texlive/2018/texmf-dist/fonts/type1/u
rw/times/utmr8a.pfb><c:/texlive/2018/texmf-dist/fonts/type1/urw/times/utmri8a.p
fb>
Output written on Masterarbeit.pdf (70 pages, 13271835 bytes).
PDF statistics:
 623 PDF objects out of 1000 (max. 8388607)
 369 compressed objects within 4 object streams
 0 named destinations out of 1000 (max. 500000)
 273 words of extra memory for PDF output out of 10000 (max. 10000000)

